X				Y				Z				X(D/H)		X(Y_p)		X(Li/H)		Chi(D/H)		Chi(Y_p)		Chi(Li7/H)		Chi(total)

-3.000000e-01 +1.000000e-07 +1.900000e+01 +3.031536e-05 +3.210624e-01 +5.297738e-10 +4.714012e+01 +7.413429e+02 +1.519252e+02 +7.893782e+02 +6.167953e+00 +1.900000e+01
-3.000000e-01 +1.623777e-07 +1.900000e+01 +3.036915e-05 +3.210882e-01 +5.283425e-10 +4.815065e+01 +7.418031e+02 +1.507513e+02 +7.909000e+02 +6.168965e+00 +1.900000e+01
-3.000000e-01 +2.636651e-07 +1.900000e+01 +3.045640e-05 +3.211306e-01 +5.260345e-10 +4.981258e+01 +7.425596e+02 +1.488681e+02 +7.934039e+02 +6.170599e+00 +1.900000e+01
-3.000000e-01 +4.281332e-07 +1.900000e+01 +3.059760e-05 +3.211989e-01 +5.223301e-10 +5.256177e+01 +7.437802e+02 +1.458701e+02 +7.975196e+02 +6.173237e+00 +1.900000e+01
-3.000000e-01 +6.951928e-07 +1.900000e+01 +3.082574e-05 +3.213080e-01 +5.164230e-10 +5.715970e+01 +7.457306e+02 +1.411526e+02 +8.043234e+02 +6.177490e+00 +1.900000e+01
-3.000000e-01 +1.128838e-06 +1.900000e+01 +3.119242e-05 +3.214863e-01 +5.071372e-10 +6.495392e+01 +7.489243e+02 +1.338936e+02 +8.157744e+02 +6.184326e+00 +1.900000e+01
-3.000000e-01 +1.832981e-06 +1.900000e+01 +3.174913e-05 +3.217796e-01 +4.934293e-10 +7.773913e+01 +7.541937e+02 +1.235279e+02 +8.350327e+02 +6.198905e+00 +1.900000e+01
-3.000000e-01 +2.976351e-06 +1.900000e+01 +3.262465e-05 +3.222453e-01 +4.729486e-10 +1.001684e+02 +7.625966e+02 +1.088187e+02 +8.684744e+02 +6.222798e+00 +1.900000e+01
-3.000000e-01 +4.832930e-06 +1.900000e+01 +3.398336e-05 +3.229780e-01 +4.436209e-10 +1.405976e+02 +7.759112e+02 +8.937870e+01 +9.280960e+02 +6.261352e+00 +1.900000e+01
-3.000000e-01 +7.847600e-06 +1.900000e+01 +3.604840e-05 +3.241087e-01 +4.041827e-10 +2.151371e+02 +7.966838e+02 +6.625020e+01 +1.037063e+03 +6.322917e+00 +1.900000e+01
-3.000000e-01 +1.274275e-05 +1.900000e+01 +3.910741e-05 +3.258077e-01 +3.554446e-10 +3.545818e+02 +8.284138e+02 +4.244287e+01 +1.240115e+03 +6.419195e+00 +1.900000e+01
-3.000000e-01 +2.069138e-05 +1.900000e+01 +4.285357e-05 +3.283685e-01 +3.076531e-10 +5.725594e+02 +8.774087e+02 +2.422383e+01 +1.578255e+03 +6.562402e+00 +1.900000e+01
-3.000000e-01 +3.359818e-05 +1.900000e+01 +4.757061e-05 +3.319265e-01 +2.625588e-10 +9.209587e+02 +9.478206e+02 +1.168702e+01 +2.203377e+03 +6.827097e+00 +1.900000e+01
-3.000000e-01 +5.455595e-05 +1.900000e+01 +5.622518e-05 +3.362601e-01 +2.113771e-10 +1.774489e+03 +1.037250e+03 +2.932890e+00 +3.520709e+03 +7.143807e+00 +1.900000e+01
-3.000000e-01 +8.858668e-05 +1.900000e+01 +6.477673e-05 +3.418486e-01 +1.834962e-10 +2.890339e+03 +1.158529e+03 +6.134128e-01 +5.599693e+03 +7.628459e+00 +1.900000e+01
-3.000000e-01 +1.438450e-04 +1.900000e+01 +7.676240e-05 +3.482129e-01 +1.674161e-10 +4.910129e+03 +1.304807e+03 +6.110932e-02 +9.332441e+03 +8.253716e+00 +1.900000e+01
-3.000000e-01 +2.335721e-04 +1.900000e+01 +9.706157e-05 +3.549907e-01 +1.704885e-10 +9.544509e+03 +1.470148e+03 +1.222312e-01 +1.637311e+04 +8.913655e+00 +1.900000e+01
-3.000000e-01 +3.792690e-04 +1.900000e+01 +1.364623e-04 +3.618532e-01 +2.207839e-10 +2.289580e+04 +1.647604e+03 +4.105200e+00 +2.981929e+04 +8.892139e+00 +1.900000e+01
-3.000000e-01 +6.158482e-04 +1.900000e+01 +1.999361e-04 +3.688461e-01 +3.548382e-10 +5.649680e+04 +1.838827e+03 +4.217991e+01 +6.362829e+04 +8.896527e+00 +1.900000e+01
-3.000000e-01 +1.000000e-03 +1.900000e+01 +3.014259e-04 +3.757887e-01 +6.484570e-10 +1.412262e+05 +2.039062e+03 +2.651003e+02 +1.485711e+05 +8.899961e+00 +1.900000e+01

-2.684211e-01 +1.000000e-07 +1.900000e+01 +2.974676e-05 +3.126595e-01 +5.225016e-10 +3.711365e+01 +5.990172e+02 +1.460082e+02 +6.366676e+02 +6.159840e+00 +1.900000e+01
-2.684211e-01 +1.623777e-07 +1.900000e+01 +2.979984e-05 +3.126850e-01 +5.210911e-10 +3.799899e+01 +5.994259e+02 +1.448742e+02 +6.380004e+02 +6.160829e+00 +1.900000e+01
-2.684211e-01 +2.636651e-07 +1.900000e+01 +2.988591e-05 +3.127249e-01 +5.188126e-10 +3.945677e+01 +6.000663e+02 +1.430516e+02 +6.401646e+02 +6.162435e+00 +1.900000e+01
-2.684211e-01 +4.281332e-07 +1.900000e+01 +3.002487e-05 +3.127930e-01 +5.151717e-10 +4.186824e+01 +6.011606e+02 +1.401633e+02 +6.437838e+02 +6.165018e+00 +1.900000e+01
-2.684211e-01 +6.951928e-07 +1.900000e+01 +3.024942e-05 +3.129010e-01 +5.093624e-10 +4.591593e+01 +6.028962e+02 +1.356156e+02 +6.497702e+02 +6.169195e+00 +1.900000e+01
-2.684211e-01 +1.128838e-06 +1.900000e+01 +3.061069e-05 +3.130732e-01 +5.002109e-10 +5.282027e+01 +6.056702e+02 +1.286038e+02 +6.598261e+02 +6.175916e+00 +1.900000e+01
-2.684211e-01 +1.832981e-06 +1.900000e+01 +3.118386e-05 +3.133526e-01 +4.861728e-10 +6.476633e+01 +6.101831e+02 +1.182097e+02 +6.770621e+02 +6.187233e+00 +1.900000e+01
-2.684211e-01 +2.976351e-06 +1.900000e+01 +3.205046e-05 +3.138075e-01 +4.659352e-10 +8.513824e+01 +6.175686e+02 +1.039960e+02 +7.069563e+02 +6.210334e+00 +1.900000e+01
-2.684211e-01 +4.832930e-06 +1.900000e+01 +3.339578e-05 +3.145198e-01 +4.369264e-10 +1.222747e+02 +6.292197e+02 +8.520912e+01 +7.607605e+02 +6.247673e+00 +1.900000e+01
-2.684211e-01 +7.847600e-06 +1.900000e+01 +3.543954e-05 +3.156232e-01 +3.979137e-10 +1.915179e+02 +6.474853e+02 +6.289217e+01 +8.603304e+02 +6.307489e+00 +1.900000e+01
-2.684211e-01 +1.274275e-05 +1.900000e+01 +3.829754e-05 +3.173100e-01 +3.518236e-10 +3.142906e+02 +6.759140e+02 +4.088478e+01 +1.047324e+03 +6.419195e+00 +1.900000e+01
-2.684211e-01 +2.069138e-05 +1.900000e+01 +4.085696e-05 +3.199852e-01 +3.158501e-10 +4.499143e+02 +7.222502e+02 +2.698806e+01 +1.329248e+03 +6.608265e+00 +1.900000e+01
-2.684211e-01 +3.359818e-05 +1.900000e+01 +4.680689e-05 +3.232526e-01 +2.577142e-10 +8.589590e+02 +7.809307e+02 +1.060896e+01 +1.953633e+03 +6.805087e+00 +1.900000e+01
-2.684211e-01 +5.455595e-05 +1.900000e+01 +5.539202e-05 +3.274767e-01 +2.064503e-10 +1.680253e+03 +8.601877e+02 +2.397370e+00 +3.207308e+03 +7.113303e+00 +1.900000e+01
-2.684211e-01 +8.858668e-05 +1.900000e+01 +6.377830e-05 +3.329363e-01 +1.784870e-10 +2.746094e+03 +9.682999e+02 +3.797451e-01 +5.198706e+03 +7.596017e+00 +1.900000e+01
-2.684211e-01 +1.438450e-04 +1.900000e+01 +7.554964e-05 +3.391492e-01 +1.616864e-10 +4.681564e+03 +1.099112e+03 +3.159804e-03 +8.790408e+03 +8.216719e+00 +1.900000e+01
-2.684211e-01 +2.335721e-04 +1.900000e+01 +9.196057e-05 +3.459085e-01 +1.615209e-10 +8.236365e+03 +1.250839e+03 +2.570307e-03 +1.511583e+04 +8.982920e+00 +1.900000e+01
-2.684211e-01 +3.792690e-04 +1.900000e+01 +1.329791e-04 +3.524979e-01 +2.068469e-10 +2.148382e+04 +1.408193e+03 +2.438480e+00 +2.816666e+04 +8.891817e+00 +1.900000e+01
-2.684211e-01 +6.158482e-04 +1.900000e+01 +1.944160e-04 +3.593322e-01 +3.284282e-10 +5.298220e+04 +1.581240e+03 +3.152005e+01 +5.985555e+04 +8.896380e+00 +1.900000e+01
-2.684211e-01 +1.000000e-03 +1.900000e+01 +2.923912e-04 +3.661213e-01 +5.949966e-10 +1.321366e+05 +1.763068e+03 +2.102467e+02 +1.392047e+05 +8.899745e+00 +1.900000e+01

-2.368421e-01 +1.000000e-07 +1.900000e+01 +2.920517e-05 +3.044099e-01 +5.149665e-10 +2.867704e+01 +4.740309e+02 +1.400014e+02 +5.029895e+02 +6.152165e+00 +1.900000e+01
-2.368421e-01 +1.623777e-07 +1.900000e+01 +2.925748e-05 +3.044347e-01 +5.135793e-10 +2.944448e+01 +4.743848e+02 +1.389092e+02 +5.041385e+02 +6.153132e+00 +1.900000e+01
-2.368421e-01 +2.636651e-07 +1.900000e+01 +2.934223e-05 +3.044749e-01 +5.113432e-10 +3.070941e+01 +4.749594e+02 +1.371578e+02 +5.060257e+02 +6.154701e+00 +1.900000e+01
-2.368421e-01 +4.281332e-07 +1.900000e+01 +2.947931e-05 +3.045401e-01 +5.077557e-10 +3.281168e+01 +4.758899e+02 +1.343711e+02 +5.091427e+02 +6.157238e+00 +1.900000e+01
-2.368421e-01 +6.951928e-07 +1.900000e+01 +2.970059e-05 +3.046453e-01 +5.020407e-10 +3.635217e+01 +4.773955e+02 +1.299909e+02 +5.143436e+02 +6.161335e+00 +1.900000e+01
-2.368421e-01 +1.128838e-06 +1.900000e+01 +3.005654e-05 +3.048148e-01 +4.930411e-10 +4.242780e+01 +4.798242e+02 +1.232404e+02 +5.231458e+02 +6.167925e+00 +1.900000e+01
-2.368421e-01 +1.832981e-06 +1.900000e+01 +3.062602e-05 +3.050861e-01 +4.791250e-10 +5.312396e+01 +4.837268e+02 +1.131564e+02 +5.383454e+02 +6.178458e+00 +1.900000e+01
-2.368421e-01 +2.976351e-06 +1.900000e+01 +3.150096e-05 +3.055240e-01 +4.587796e-10 +7.189806e+01 +4.900577e+02 +9.918806e+01 +5.650361e+02 +6.198693e+00 +1.900000e+01
-2.368421e-01 +4.832930e-06 +1.900000e+01 +3.283297e-05 +3.062186e-01 +4.301265e-10 +1.059233e+02 +5.001838e+02 +8.107589e+01 +6.134335e+02 +6.234856e+00 +1.900000e+01
-2.368421e-01 +7.847600e-06 +1.900000e+01 +3.485676e-05 +3.072924e-01 +3.915582e-10 +1.701963e+02 +5.160417e+02 +5.957689e+01 +7.041783e+02 +6.292952e+00 +1.900000e+01
-2.368421e-01 +1.274275e-05 +1.900000e+01 +3.752916e-05 +3.089646e-01 +3.480009e-10 +2.783094e+02 +5.412320e+02 +3.927148e+01 +8.766612e+02 +6.419195e+00 +1.900000e+01
-2.368421e-01 +2.069138e-05 +1.900000e+01 +4.021967e-05 +3.115454e-01 +3.103502e-10 +4.138759e+02 +5.812843e+02 +2.511687e+01 +1.139628e+03 +6.588740e+00 +1.900000e+01
-2.368421e-01 +3.359818e-05 +1.900000e+01 +4.607956e-05 +3.147350e-01 +2.528861e-10 +8.019229e+02 +6.327626e+02 +9.586468e+00 +1.728892e+03 +6.783793e+00 +1.900000e+01
-2.368421e-01 +5.455595e-05 +1.900000e+01 +5.364493e-05 +3.189466e-01 +2.057177e-10 +1.490995e+03 +7.040793e+02 +2.322346e+00 +2.833907e+03 +7.092455e+00 +1.900000e+01
-2.368421e-01 +8.858668e-05 +1.900000e+01 +6.282898e-05 +3.241824e-01 +1.736617e-10 +2.612368e+03 +7.980481e+02 +2.073808e-01 +4.831620e+03 +7.564557e+00 +1.900000e+01
-2.368421e-01 +1.438450e-04 +1.900000e+01 +7.516308e-05 +3.302035e-01 +1.556243e-10 +4.609855e+03 +9.133850e+02 +2.127369e-02 +8.283721e+03 +8.128531e+00 +1.900000e+01
-2.368421e-01 +2.335721e-04 +1.900000e+01 +9.077755e-05 +3.368344e-01 +1.547826e-10 +7.946746e+03 +1.049405e+03 +3.024641e-02 +1.439881e+04 +8.925107e+00 +1.900000e+01
-2.368421e-01 +3.792690e-04 +1.900000e+01 +1.296959e-04 +3.433077e-01 +1.941580e-10 +2.019405e+04 +1.191298e+03 +1.296408e+00 +2.665875e+04 +8.891492e+00 +1.900000e+01
-2.368421e-01 +6.158482e-04 +1.900000e+01 +1.892261e-04 +3.499827e-01 +3.045666e-10 +4.978079e+04 +1.347029e+03 +2.322168e+01 +5.641942e+04 +8.896249e+00 +1.900000e+01
-2.368421e-01 +1.000000e-03 +1.900000e+01 +2.839133e-04 +3.566189e-01 +5.470249e-10 +1.238822e+05 +1.511338e+03 +1.664314e+02 +1.306979e+05 +8.899572e+00 +1.900000e+01

-2.052632e-01 +1.000000e-07 +1.900000e+01 +2.868890e-05 +2.963097e-01 +5.071849e-10 +2.164613e+01 +3.655219e+02 +1.339304e+02 +3.872833e+02 +6.144902e+00 +1.900000e+01
-2.052632e-01 +1.623777e-07 +1.900000e+01 +2.874048e-05 +2.963338e-01 +5.058215e-10 +2.230421e+01 +3.658242e+02 +1.328806e+02 +3.882613e+02 +6.145849e+00 +1.900000e+01
-2.052632e-01 +2.636651e-07 +1.900000e+01 +2.882408e-05 +2.963732e-01 +5.036238e-10 +2.339160e+01 +3.663176e+02 +1.311970e+02 +3.898731e+02 +6.147386e+00 +1.900000e+01
-2.052632e-01 +4.281332e-07 +1.900000e+01 +2.895927e-05 +2.964365e-01 +5.000970e-10 +2.520504e+01 +3.671124e+02 +1.285178e+02 +3.925386e+02 +6.149872e+00 +1.900000e+01
-2.052632e-01 +6.951928e-07 +1.900000e+01 +2.917749e-05 +2.965393e-01 +4.944795e-10 +2.827500e+01 +3.684043e+02 +1.243073e+02 +3.970111e+02 +6.153890e+00 +1.900000e+01
-2.052632e-01 +1.128838e-06 +1.900000e+01 +2.952845e-05 +2.967045e-01 +4.856325e-10 +3.358218e+01 +3.704850e+02 +1.178184e+02 +4.046238e+02 +6.160349e+00 +1.900000e+01
-2.052632e-01 +1.832981e-06 +1.900000e+01 +3.009006e-05 +2.969680e-01 +4.719425e-10 +4.302410e+01 +3.738154e+02 +1.081201e+02 +4.178761e+02 +6.170690e+00 +1.900000e+01
-2.052632e-01 +2.976351e-06 +1.900000e+01 +2.999774e-05 +2.976161e-01 +4.716890e-10 +4.139178e+01 +3.820701e+02 +1.079445e+02 +4.330545e+02 +6.249693e+00 +1.900000e+01
-2.052632e-01 +4.832930e-06 +1.900000e+01 +3.229412e-05 +2.980679e-01 +4.232085e-10 +9.136729e+01 +3.878779e+02 +7.697638e+01 +4.849607e+02 +6.222847e+00 +1.900000e+01
-2.052632e-01 +7.847600e-06 +1.900000e+01 +3.429843e-05 +2.991140e-01 +3.851228e-10 +1.509494e+02 +4.014938e+02 +5.631143e+01 +5.674635e+02 +6.279273e+00 +1.900000e+01
-2.052632e-01 +1.274275e-05 +1.900000e+01 +3.679968e-05 +3.007679e-01 +3.439760e-10 +2.461736e+02 +4.235011e+02 +3.760797e+01 +7.267945e+02 +6.419195e+00 +1.900000e+01
-2.052632e-01 +2.069138e-05 +1.900000e+01 +4.044330e-05 +3.031301e-01 +2.960912e-10 +4.263504e+02 +4.559506e+02 +2.057868e+01 +1.002651e+03 +6.548876e+00 +1.900000e+01
-2.052632e-01 +3.359818e-05 +1.900000e+01 +4.538613e-05 +3.063712e-01 +2.480717e-10 +7.493690e+02 +5.024222e+02 +8.618477e+00 +1.527712e+03 +6.763213e+00 +1.900000e+01
-2.052632e-01 +5.455595e-05 +1.900000e+01 +5.280553e-05 +3.104826e-01 +2.014020e-10 +1.404085e+03 +5.646174e+02 +1.904583e+00 +2.580653e+03 +7.072030e+00 +1.900000e+01
-2.052632e-01 +8.858668e-05 +1.900000e+01 +6.210285e-05 +3.155718e-01 +1.685802e-10 +2.512334e+03 +6.466284e+02 +8.179909e-02 +4.493923e+03 +7.520410e+00 +1.900000e+01
-2.052632e-01 +1.438450e-04 +1.900000e+01 +7.365127e-05 +3.214832e-01 +1.507766e-10 +4.334722e+03 +7.488700e+02 +9.452416e-02 +7.825111e+03 +8.121662e+00 +1.900000e+01
-2.052632e-01 +2.335721e-04 +1.900000e+01 +8.965134e-05 +3.279211e-01 +1.484266e-10 +7.675853e+03 +8.687481e+02 +1.488275e-01 +1.373276e+04 +8.869096e+00 +1.900000e+01
-2.052632e-01 +3.792690e-04 +1.900000e+01 +1.265990e-04 +3.342762e-01 +1.825738e-10 +1.901402e+04 +9.958105e+02 +5.661983e-01 +2.528196e+04 +8.891160e+00 +1.900000e+01
-2.052632e-01 +6.158482e-04 +1.900000e+01 +1.843389e-04 +3.407944e-01 +2.829468e-10 +4.685729e+04 +1.135139e+03 +1.679546e+01 +5.328358e+04 +8.896131e+00 +1.900000e+01
-2.052632e-01 +1.000000e-03 +1.900000e+01 +2.759466e-04 +3.472794e-01 +5.038651e-10 +1.163682e+05 +1.282807e+03 +1.313813e+02 +1.229547e+05 +8.899423e+00 +1.900000e+01

-1.736842e-01 +1.000000e-07 +1.900000e+01 +2.819255e-05 +2.882894e-01 +4.991012e-10 +1.581728e+01 +2.719595e+02 +1.277662e+02 +2.878015e+02 +6.137972e+00 +1.900000e+01
-1.736842e-01 +1.623777e-07 +1.900000e+01 +2.824360e-05 +2.883119e-01 +4.977563e-10 +1.637468e+01 +2.722028e+02 +1.267548e+02 +2.886105e+02 +6.138899e+00 +1.900000e+01
-1.736842e-01 +2.636651e-07 +1.900000e+01 +2.832589e-05 +2.883512e-01 +4.956048e-10 +1.729351e+01 +2.726274e+02 +1.251451e+02 +2.899698e+02 +6.140402e+00 +1.900000e+01
-1.736842e-01 +4.281332e-07 +1.900000e+01 +2.845925e-05 +2.884131e-01 +4.921427e-10 +1.883584e+01 +2.732977e+02 +1.225764e+02 +2.922148e+02 +6.142836e+00 +1.900000e+01
-1.736842e-01 +6.951928e-07 +1.900000e+01 +2.867471e-05 +2.885123e-01 +4.866201e-10 +2.146672e+01 +2.743729e+02 +1.185341e+02 +2.959906e+02 +6.146769e+00 +1.900000e+01
-1.736842e-01 +1.128838e-06 +1.900000e+01 +2.902071e-05 +2.886742e-01 +4.779376e-10 +2.605156e+01 +2.761331e+02 +1.123159e+02 +3.024931e+02 +6.153102e+00 +1.900000e+01
-1.736842e-01 +1.832981e-06 +1.900000e+01 +2.957441e-05 +2.889322e-01 +4.644970e-10 +3.431106e+01 +2.789492e+02 +1.030204e+02 +3.139364e+02 +6.163247e+00 +1.900000e+01
-1.736842e-01 +2.976351e-06 +1.900000e+01 +3.045282e-05 +2.893423e-01 +4.442755e-10 +4.974381e+01 +2.834543e+02 +8.979175e+01 +3.347507e+02 +6.179348e+00 +1.900000e+01
-1.736842e-01 +4.832930e-06 +1.900000e+01 +3.177376e-05 +2.899979e-01 +4.161176e-10 +7.833131e+01 +2.907332e+02 +7.288469e+01 +3.734390e+02 +6.211479e+00 +1.900000e+01
-1.736842e-01 +7.847600e-06 +1.900000e+01 +3.375895e-05 +2.910162e-01 +3.785504e-10 +1.334487e+02 +3.022201e+02 +5.307143e+01 +4.481555e+02 +6.266278e+00 +1.900000e+01
-1.736842e-01 +1.274275e-05 +1.900000e+01 +3.669515e-05 +2.925471e-01 +3.320061e-10 +2.417301e+02 +3.199097e+02 +3.287344e+01 +5.955729e+02 +6.353358e+00 +1.900000e+01
-1.736842e-01 +2.069138e-05 +1.900000e+01 +4.098609e-05 +2.947574e-01 +2.793997e-10 +4.573995e+02 +3.463355e+02 +1.584032e+01 +8.895584e+02 +6.484035e+00 +1.900000e+01
-1.736842e-01 +3.359818e-05 +1.900000e+01 +4.471914e-05 +2.980878e-01 +2.432243e-10 +7.004990e+02 +3.881346e+02 +7.695877e+00 +1.347305e+03 +6.743164e+00 +1.900000e+01
-1.736842e-01 +5.455595e-05 +1.900000e+01 +5.454926e-05 +3.018562e-01 +1.864754e-10 +1.587548e+03 +4.383017e+02 +7.788295e-01 +2.526254e+03 +6.982049e+00 +1.900000e+01
-1.736842e-01 +8.858668e-05 +1.900000e+01 +6.122910e-05 +3.070566e-01 +1.640379e-10 +2.394552e+03 +5.125389e+02 +1.811606e-02 +4.185778e+03 +7.490832e+00 +1.900000e+01
-1.736842e-01 +1.438450e-04 +1.900000e+01 +7.336280e-05 +3.127809e-01 +1.451001e-10 +4.283184e+03 +6.009655e+02 +2.466737e-01 +7.390291e+03 +8.034332e+00 +1.900000e+01
-1.736842e-01 +2.335721e-04 +1.900000e+01 +8.709547e-05 +3.191510e-01 +1.422118e-10 +7.078504e+03 +7.076361e+02 +3.515776e-01 +1.278379e+04 +8.818374e+00 +1.900000e+01
-1.736842e-01 +3.792690e-04 +1.900000e+01 +1.236495e-04 +3.253278e-01 +1.718855e-10 +1.792320e+04 +8.193893e+02 +1.569611e-01 +2.401340e+04 +8.890815e+00 +1.900000e+01
-1.736842e-01 +6.158482e-04 +1.900000e+01 +1.796934e-04 +3.316903e-01 +2.631515e-10 +4.416041e+04 +9.430615e+02 +1.182248e+01 +5.039420e+04 +8.896021e+00 +1.900000e+01
-1.736842e-01 +1.000000e-03 +1.900000e+01 +2.683877e-04 +3.380243e-01 +4.646227e-10 +1.094560e+05 +1.074812e+03 +1.031056e+02 +1.158342e+05 +8.899314e+00 +1.900000e+01

-1.421053e-01 +1.000000e-07 +1.900000e+01 +2.771928e-05 +2.804213e-01 +4.908087e-10 +1.110925e+01 +1.935880e+02 +1.215938e+02 +2.046975e+02 +6.131420e+00 +1.900000e+01
-1.421053e-01 +1.623777e-07 +1.900000e+01 +2.776953e-05 +2.804445e-01 +4.894960e-10 +1.156974e+01 +1.937998e+02 +1.206307e+02 +2.053697e+02 +6.132328e+00 +1.900000e+01
-1.421053e-01 +2.636651e-07 +1.900000e+01 +2.785093e-05 +2.804818e-01 +4.873789e-10 +1.233557e+01 +1.941400e+02 +1.190855e+02 +2.064778e+02 +6.133796e+00 +1.900000e+01
-1.421053e-01 +4.281332e-07 +1.900000e+01 +2.798256e-05 +2.805419e-01 +4.839816e-10 +1.362593e+01 +1.946887e+02 +1.166268e+02 +2.083267e+02 +6.136177e+00 +1.900000e+01
-1.421053e-01 +6.951928e-07 +1.900000e+01 +2.819501e-05 +2.806393e-01 +4.785695e-10 +1.584387e+01 +1.955810e+02 +1.127628e+02 +2.114695e+02 +6.140027e+00 +1.900000e+01
-1.421053e-01 +1.128838e-06 +1.900000e+01 +2.853665e-05 +2.807965e-01 +4.700444e-10 +1.976112e+01 +1.970238e+02 +1.068083e+02 +2.169251e+02 +6.146231e+00 +1.900000e+01
-1.421053e-01 +1.832981e-06 +1.900000e+01 +2.908316e-05 +2.810467e-01 +4.568472e-10 +2.692634e+01 +1.993316e+02 +9.790916e+01 +2.266628e+02 +6.156179e+00 +1.900000e+01
-1.421053e-01 +2.976351e-06 +1.900000e+01 +2.994953e-05 +2.814473e-01 +4.370015e-10 +4.055187e+01 +2.030544e+02 +8.525535e+01 +2.447137e+02 +6.171988e+00 +1.900000e+01
-1.421053e-01 +4.832930e-06 +1.900000e+01 +3.127549e-05 +2.820815e-01 +4.089269e-10 +6.678882e+01 +2.090190e+02 +6.884956e+01 +2.790879e+02 +6.200822e+00 +1.900000e+01
-1.421053e-01 +7.847600e-06 +1.900000e+01 +3.324221e-05 +2.830725e-01 +3.719057e-10 +1.176966e+02 +2.185112e+02 +4.989335e+01 +3.465225e+02 +6.254042e+00 +1.900000e+01
-1.421053e-01 +1.274275e-05 +1.900000e+01 +3.615018e-05 +2.845642e-01 +3.260107e-10 +2.192192e+02 +2.331980e+02 +3.062174e+01 +4.820751e+02 +6.338944e+00 +1.900000e+01
-1.421053e-01 +2.069138e-05 +1.900000e+01 +4.022884e-05 +2.867405e-01 +2.756895e-10 +4.143836e+02 +2.554803e+02 +1.487117e+01 +7.556872e+02 +6.484035e+00 +1.900000e+01
-1.421053e-01 +3.359818e-05 +1.900000e+01 +4.621868e-05 +2.897040e-01 +2.237693e-10 +8.126805e+02 +2.874591e+02 +4.518353e+00 +1.290715e+03 +6.656587e+00 +1.900000e+01
-1.421053e-01 +5.455595e-05 +1.900000e+01 +5.371359e-05 +2.936423e-01 +1.824259e-10 +1.498220e+03 +3.328731e+02 +5.587990e-01 +2.308776e+03 +6.962526e+00 +1.900000e+01
-1.421053e-01 +8.858668e-05 +1.900000e+01 +6.135114e-05 +2.986336e-01 +1.573748e-10 +2.410834e+03 +3.952125e+02 +7.657513e-03 +3.899286e+03 +7.388438e+00 +1.900000e+01
-1.421053e-01 +1.438450e-04 +1.900000e+01 +7.197342e-05 +3.043034e-01 +1.406762e-10 +4.039281e+03 +4.725133e+02 +4.149012e-01 +6.999676e+03 +8.027389e+00 +1.900000e+01
-1.421053e-01 +2.335721e-04 +1.900000e+01 +8.594473e-05 +3.104906e-01 +1.365551e-10 +6.817456e+03 +5.647422e+02 +6.107396e-01 +1.221665e+04 +8.774149e+00 +1.900000e+01
-1.421053e-01 +3.792690e-04 +1.900000e+01 +1.208624e-04 +3.165429e-01 +1.620907e-10 +1.692208e+04 +6.629103e+02 +4.856903e-03 +2.285450e+04 +8.890473e+00 +1.900000e+01
-1.421053e-01 +6.158482e-04 +1.900000e+01 +1.753121e-04 +3.227514e-01 +2.451501e-10 +4.169010e+04 +7.717803e+02 +8.056160e+00 +4.775223e+04 +8.895920e+00 +1.900000e+01
-1.421053e-01 +1.000000e-03 +1.900000e+01 +2.612730e-04 +3.289361e-01 +4.291903e-10 +1.031434e+05 +8.884590e+02 +8.051488e+01 +1.093348e+05 +8.899211e+00 +1.900000e+01

-1.105263e-01 +1.000000e-07 +1.900000e+01 +2.726872e-05 +2.727174e-01 +4.823402e-10 +7.397906e+00 +1.297276e+02 +1.154480e+02 +1.371573e+02 +6.125231e+00 +1.900000e+01
-1.105263e-01 +1.623777e-07 +1.900000e+01 +2.731833e-05 +2.727398e-01 +4.810530e-10 +7.769765e+00 +1.298949e+02 +1.145278e+02 +1.376886e+02 +6.126118e+00 +1.900000e+01
-1.105263e-01 +2.636651e-07 +1.900000e+01 +2.739870e-05 +2.727761e-01 +4.789780e-10 +8.391428e+00 +1.301662e+02 +1.130522e+02 +1.385713e+02 +6.127555e+00 +1.900000e+01
-1.105263e-01 +4.281332e-07 +1.900000e+01 +2.752870e-05 +2.728349e-01 +4.756480e-10 +9.447615e+00 +1.306056e+02 +1.107040e+02 +1.400563e+02 +6.129885e+00 +1.900000e+01
-1.105263e-01 +6.951928e-07 +1.900000e+01 +2.773847e-05 +2.729298e-01 +4.703421e-10 +1.128394e+01 +1.313174e+02 +1.070136e+02 +1.426032e+02 +6.133653e+00 +1.900000e+01
-1.105263e-01 +1.128838e-06 +1.900000e+01 +2.807573e-05 +2.730827e-01 +4.619839e-10 +1.457800e+01 +1.324677e+02 +1.013269e+02 +1.470871e+02 +6.139731e+00 +1.900000e+01
-1.105263e-01 +1.832981e-06 +1.900000e+01 +2.861507e-05 +2.733276e-01 +4.490482e-10 +2.072130e+01 +1.343212e+02 +9.283205e+01 +1.552541e+02 +6.149479e+00 +1.900000e+01
-1.105263e-01 +2.976351e-06 +1.900000e+01 +2.947032e-05 +2.737169e-01 +4.295752e-10 +3.267175e+01 +1.372938e+02 +8.074533e+01 +1.707197e+02 +6.165001e+00 +1.900000e+01
-1.105263e-01 +4.832930e-06 +1.900000e+01 +2.934824e-05 +2.746356e-01 +4.289975e-10 +3.080012e+01 +1.444372e+02 +8.039960e+01 +1.854395e+02 +6.253375e+00 +1.900000e+01
-1.105263e-01 +7.847600e-06 +1.900000e+01 +3.274796e-05 +2.752947e-01 +3.652058e-10 +1.035555e+02 +1.496740e+02 +4.678826e+01 +2.616912e+02 +6.242538e+00 +1.900000e+01
-1.105263e-01 +1.274275e-05 +1.900000e+01 +3.562898e-05 +2.767465e-01 +3.199857e-10 +1.987195e+02 +1.615377e+02 +2.843935e+01 +3.861381e+02 +6.325319e+00 +1.900000e+01
-1.105263e-01 +2.069138e-05 +1.900000e+01 +3.946892e-05 +2.788941e-01 +2.722691e-10 +3.733510e+02 +1.799167e+02 +1.400484e+01 +6.390910e+02 +6.484035e+00 +1.900000e+01
-1.105263e-01 +3.359818e-05 +1.900000e+01 +4.558211e-05 +2.817535e-01 +2.191630e-10 +7.640412e+02 +2.059228e+02 +3.889173e+00 +1.147387e+03 +6.638160e+00 +1.900000e+01
-1.105263e-01 +5.455595e-05 +1.900000e+01 +5.294912e-05 +2.855943e-01 +1.783306e-10 +1.418767e+03 +2.436186e+02 +3.733449e-01 +2.118454e+03 +6.943519e+00 +1.900000e+01
-1.105263e-01 +8.858668e-05 +1.900000e+01 +6.055040e-05 +2.904523e-01 +1.531016e-10 +2.305015e+03 +2.958315e+02 +5.287477e-02 +3.646058e+03 +7.360530e+00 +1.900000e+01
-1.105263e-01 +1.438450e-04 +1.900000e+01 +7.136459e-05 +2.959604e-01 +1.357814e-10 +3.934655e+03 +3.611595e+02 +6.517138e-01 +6.636572e+03 +7.970492e+00 +1.900000e+01
-1.105263e-01 +2.335721e-04 +1.900000e+01 +8.485735e-05 +3.020071e-01 +1.312131e-10 +6.575288e+03 +4.403744e+02 +9.207606e-01 +1.169302e+04 +8.730866e+00 +1.900000e+01
-1.105263e-01 +3.792690e-04 +1.900000e+01 +1.182308e-04 +3.079344e-01 +1.531082e-10 +1.600317e+04 +5.256428e+02 +5.277398e-02 +2.179696e+04 +8.890116e+00 +1.900000e+01
-1.105263e-01 +6.158482e-04 +1.900000e+01 +1.711821e-04 +3.139911e-01 +2.287686e-10 +3.942658e+04 +6.205612e+02 +5.254582e+00 +4.533712e+04 +8.895824e+00 +1.900000e+01
-1.105263e-01 +1.000000e-03 +1.900000e+01 +2.545794e-04 +3.200274e-01 +3.971729e-10 +9.737566e+04 +7.229951e+02 +6.250111e+01 +1.034013e+05 +8.899138e+00 +1.900000e+01

-7.894737e-02 +1.000000e-07 +1.900000e+01 +2.683548e-05 +2.651009e-01 +4.736267e-10 +4.538373e+00 +7.911472e+01 +1.092908e+02 +8.376434e+01 +6.119325e+00 +1.900000e+01
-7.894737e-02 +1.623777e-07 +1.900000e+01 +2.688451e-05 +2.651229e-01 +4.723659e-10 +4.827150e+00 +7.924268e+01 +1.084138e+02 +8.416638e+01 +6.120193e+00 +1.900000e+01
-7.894737e-02 +2.636651e-07 +1.900000e+01 +2.696403e-05 +2.651571e-01 +4.703282e-10 +5.314363e+00 +7.944250e+01 +1.070040e+02 +8.483178e+01 +6.121599e+00 +1.900000e+01
-7.894737e-02 +4.281332e-07 +1.900000e+01 +2.709241e-05 +2.652143e-01 +4.670676e-10 +6.150359e+00 +7.977674e+01 +1.047672e+02 +8.597278e+01 +6.123878e+00 +1.900000e+01
-7.894737e-02 +6.951928e-07 +1.900000e+01 +2.729945e-05 +2.653078e-01 +4.618771e-10 +7.627172e+00 +8.032500e+01 +1.012553e+02 +8.796580e+01 +6.127564e+00 +1.900000e+01
-7.894737e-02 +1.128838e-06 +1.900000e+01 +2.763254e-05 +2.654566e-01 +4.536900e-10 +1.033630e+01 +8.120101e+01 +9.583756e+01 +9.153889e+01 +6.133512e+00 +1.900000e+01
-7.894737e-02 +1.832981e-06 +1.900000e+01 +2.816509e-05 +2.656950e-01 +4.410179e-10 +1.552138e+01 +8.261449e+01 +8.774563e+01 +9.822067e+01 +6.143066e+00 +1.900000e+01
-7.894737e-02 +2.976351e-06 +1.900000e+01 +2.900947e-05 +2.660739e-01 +4.219350e-10 +2.589566e+01 +8.488677e+01 +7.623327e+01 +1.112613e+02 +6.158295e+00 +1.900000e+01
-7.894737e-02 +4.832930e-06 +1.900000e+01 +2.890166e-05 +2.669658e-01 +4.211355e-10 +2.442403e+01 +9.035574e+01 +7.576863e+01 +1.235735e+02 +6.244686e+00 +1.900000e+01
-7.894737e-02 +7.847600e-06 +1.900000e+01 +3.227062e-05 +2.676057e-01 +3.583880e-10 +9.075696e+01 +9.438515e+01 +4.373088e+01 +1.920131e+02 +6.231607e+00 +1.900000e+01
-7.894737e-02 +1.274275e-05 +1.900000e+01 +3.512543e-05 +2.690178e-01 +3.138774e-10 +1.798696e+02 +1.035878e+02 +2.630916e+01 +3.059706e+02 +6.312303e+00 +1.900000e+01
-7.894737e-02 +2.069138e-05 +1.900000e+01 +3.878029e-05 +2.711293e-01 +2.683057e-10 +3.380149e+02 +1.181472e+02 +1.303347e+01 +5.419854e+02 +6.484035e+00 +1.900000e+01
-7.894737e-02 +3.359818e-05 +1.900000e+01 +4.496871e-05 +2.738927e-01 +2.145460e-10 +7.185914e+02 +1.386464e+02 +3.305849e+00 +1.022337e+03 +6.620266e+00 +1.900000e+01
-7.894737e-02 +5.455595e-05 +1.900000e+01 +5.221755e-05 +2.776358e-01 +1.742539e-10 +1.344761e+03 +1.690278e+02 +2.257492e-01 +1.949083e+03 +6.924820e+00 +1.900000e+01
-7.894737e-02 +8.858668e-05 +1.900000e+01 +5.978233e-05 +2.823623e-01 +1.489148e-10 +2.205744e+03 +2.116868e+02 +1.365353e-01 +3.416458e+03 +7.333081e+00 +1.900000e+01
-7.894737e-02 +1.438450e-04 +1.900000e+01 +7.285041e-05 +2.876041e-01 +1.291696e-10 +4.192403e+03 +2.646052e+02 +1.056128e+00 +6.695105e+03 +7.929724e+00 +1.900000e+01
-7.894737e-02 +2.335721e-04 +1.900000e+01 +8.381873e-05 +2.936168e-01 +1.261091e-10 +6.348068e+03 +3.325681e+02 +1.276217e+00 +1.120540e+04 +8.688122e+00 +1.900000e+01
-7.894737e-02 +3.792690e-04 +1.900000e+01 +1.157196e-04 +2.994179e-01 +1.447726e-10 +1.515024e+04 +4.054938e+02 +2.576389e-01 +2.082253e+04 +8.889761e+00 +1.900000e+01
-7.894737e-02 +6.158482e-04 +1.900000e+01 +1.672471e-04 +3.053245e-01 +2.136864e-10 +3.732875e+04 +4.871687e+02 +3.202477e+00 +4.310555e+04 +8.895735e+00 +1.900000e+01
-7.894737e-02 +1.000000e-03 +1.900000e+01 +2.482099e-04 +3.112152e-01 +3.678985e-10 +9.204124e+04 +5.760811e+02 +4.802420e+01 +9.791979e+04 +8.899088e+00 +1.900000e+01

-4.736842e-02 +1.000000e-07 +1.900000e+01 +2.642167e-05 +2.576245e-01 +4.647453e-10 +2.456186e+00 +4.154285e+01 +1.031885e+02 +4.423013e+01 +6.113732e+00 +1.900000e+01
-4.736842e-02 +1.623777e-07 +1.900000e+01 +2.647006e-05 +2.576455e-01 +4.635123e-10 +2.666916e+00 +4.163148e+01 +1.023552e+02 +4.450852e+01 +6.114581e+00 +1.900000e+01
-4.736842e-02 +2.636651e-07 +1.900000e+01 +2.654849e-05 +2.576799e-01 +4.615243e-10 +3.026936e+00 +4.177709e+01 +1.010188e+02 +4.498231e+01 +6.115955e+00 +1.900000e+01
-4.736842e-02 +4.281332e-07 +1.900000e+01 +2.667537e-05 +2.577356e-01 +4.583334e-10 +3.657514e+00 +4.201335e+01 +9.889199e+01 +4.580307e+01 +6.118183e+00 +1.900000e+01
-4.736842e-02 +6.951928e-07 +1.900000e+01 +2.688005e-05 +2.578255e-01 +4.532487e-10 +4.800514e+00 +4.239601e+01 +9.554979e+01 +4.726873e+01 +6.121788e+00 +1.900000e+01
-4.736842e-02 +1.128838e-06 +1.900000e+01 +2.720914e-05 +2.579704e-01 +4.452364e-10 +6.963471e+00 +4.301631e+01 +9.039975e+01 +4.999314e+01 +6.127609e+00 +1.900000e+01
-4.736842e-02 +1.832981e-06 +1.900000e+01 +2.773522e-05 +2.582023e-01 +4.328322e-10 +1.125430e+01 +4.401875e+01 +8.270823e+01 +5.529013e+01 +6.136967e+00 +1.900000e+01
-4.736842e-02 +2.976351e-06 +1.900000e+01 +2.856919e-05 +2.585713e-01 +4.141478e-10 +2.015676e+01 +4.563722e+01 +7.176791e+01 +6.606841e+01 +6.151907e+00 +1.900000e+01
-4.736842e-02 +4.832930e-06 +1.900000e+01 +2.987572e-05 +2.591508e-01 +3.871321e-10 +3.928272e+01 +4.823821e+01 +5.732110e+01 +8.882798e+01 +6.175444e+00 +1.900000e+01
-4.736842e-02 +7.847600e-06 +1.900000e+01 +3.181268e-05 +2.600580e-01 +3.515049e-10 +7.927178e+01 +5.245488e+01 +4.074901e+01 +1.372482e+02 +6.221292e+00 +1.900000e+01
-4.736842e-02 +1.274275e-05 +1.900000e+01 +3.464212e-05 +2.614313e-01 +3.077325e-10 +1.626606e+02 +5.917407e+01 +2.424989e+01 +2.413716e+02 +6.299963e+00 +1.900000e+01
-4.736842e-02 +2.069138e-05 +1.900000e+01 +3.874707e-05 +2.634175e-01 +2.582830e-10 +3.363546e+02 +6.960838e+01 +1.073283e+01 +4.630828e+02 +6.419195e+00 +1.900000e+01
-4.736842e-02 +3.359818e-05 +1.900000e+01 +4.368413e-05 +2.662551e-01 +2.144957e-10 +6.279271e+02 +8.598387e+01 +3.299757e+00 +8.675506e+02 +6.603015e+00 +1.900000e+01
-4.736842e-02 +5.455595e-05 +1.900000e+01 +5.151960e-05 +2.698217e-01 +1.702293e-10 +1.276004e+03 +1.090180e+02 +1.162649e-01 +1.800516e+03 +6.906579e+00 +1.900000e+01
-4.736842e-02 +8.858668e-05 +1.900000e+01 +5.884375e-05 +2.744333e-01 +1.453290e-10 +2.087404e+03 +1.428484e+02 +2.391536e-01 +3.211755e+03 +7.322500e+00 +1.900000e+01
-4.736842e-02 +1.438450e-04 +1.900000e+01 +6.980704e-05 +2.796323e-01 +1.268918e-10 +3.673240e+03 +1.864623e+02 +1.217950e+00 +6.000895e+03 +7.890375e+00 +1.900000e+01
-4.736842e-02 +2.335721e-04 +1.900000e+01 +8.283122e-05 +2.853764e-01 +1.212566e-10 +6.135735e+03 +2.413949e+02 +1.667838e+00 +1.075517e+04 +8.646336e+00 +1.900000e+01
-4.736842e-02 +3.792690e-04 +1.900000e+01 +1.133362e-04 +2.910537e-01 +1.370748e-10 +1.436233e+04 +3.026473e+02 +5.839624e-01 +1.993035e+04 +8.889388e+00 +1.900000e+01
-4.736842e-02 +6.158482e-04 +1.900000e+01 +1.635200e-04 +2.968105e-01 +1.998690e-10 +3.539458e+04 +3.718224e+02 +1.766153e+00 +4.105574e+04 +8.895657e+00 +1.900000e+01
-4.736842e-02 +1.000000e-03 +1.900000e+01 +2.421898e-04 +3.025551e-01 +3.412694e-10 +8.713748e+04 +4.479421e+02 +3.650953e+01 +9.288778e+04 +8.899056e+00 +1.900000e+01

-1.578947e-02 +1.000000e-07 +1.900000e+01 +2.602828e-05 +2.503234e-01 +4.557591e-10 +1.064794e+00 +1.643097e+01 +9.719270e+01 +1.787960e+01 +6.108457e+00 +1.900000e+01
-1.578947e-02 +1.623777e-07 +1.900000e+01 +2.607632e-05 +2.503434e-01 +4.545482e-10 +1.203977e+00 +1.648427e+01 +9.639848e+01 +1.804554e+01 +6.109286e+00 +1.900000e+01
-1.578947e-02 +2.636651e-07 +1.900000e+01 +2.615367e-05 +2.503775e-01 +4.526098e-10 +1.446052e+00 +1.657494e+01 +9.513390e+01 +1.833727e+01 +6.110629e+00 +1.900000e+01
-1.578947e-02 +4.281332e-07 +1.900000e+01 +2.627904e-05 +2.504315e-01 +4.494903e-10 +1.885503e+00 +1.671955e+01 +9.311624e+01 +1.886011e+01 +6.112809e+00 +1.900000e+01
-1.578947e-02 +6.951928e-07 +1.900000e+01 +2.648155e-05 +2.505185e-01 +4.445131e-10 +2.718252e+00 +1.695339e+01 +8.994191e+01 +1.984161e+01 +6.116334e+00 +1.900000e+01
-1.578947e-02 +1.128838e-06 +1.900000e+01 +2.680660e-05 +2.506601e-01 +4.366832e-10 +4.372460e+00 +1.733743e+01 +8.505956e+01 +2.177871e+01 +6.122031e+00 +1.900000e+01
-1.578947e-02 +1.832981e-06 +1.900000e+01 +2.732653e-05 +2.508859e-01 +4.245497e-10 +7.832094e+00 +1.795901e+01 +7.776286e+01 +2.579155e+01 +6.131196e+00 +1.900000e+01
-1.578947e-02 +2.976351e-06 +1.900000e+01 +2.815056e-05 +2.512447e-01 +4.062681e-10 +1.536595e+01 +1.896898e+01 +6.738665e+01 +3.446769e+01 +6.145846e+00 +1.900000e+01
-1.578947e-02 +4.832930e-06 +1.900000e+01 +2.944114e-05 +2.518084e-01 +3.798239e-10 +3.221933e+01 +2.061181e+01 +5.369171e+01 +5.377825e+01 +6.168981e+00 +1.900000e+01
-1.578947e-02 +7.847600e-06 +1.900000e+01 +3.137554e-05 +2.526877e-01 +3.445971e-10 +6.903266e+01 +2.331010e+01 +3.786232e+01 +9.673056e+01 +6.211599e+00 +1.900000e+01
-1.578947e-02 +1.274275e-05 +1.900000e+01 +3.418048e-05 +2.540228e-01 +3.015856e-10 +1.470311e+02 +2.772508e+01 +2.227386e+01 +1.916768e+02 +6.288312e+00 +1.900000e+01
-1.578947e-02 +2.069138e-05 +1.900000e+01 +3.811478e-05 +2.559730e-01 +2.541989e-10 +3.055343e+02 +3.486128e+01 +9.859366e+00 +3.975154e+02 +6.419195e+00 +1.900000e+01
-1.578947e-02 +3.359818e-05 +1.900000e+01 +4.313278e-05 +2.587161e-01 +2.098690e-10 +5.908873e+02 +4.628049e+01 +2.763240e+00 +7.802071e+02 +6.586476e+00 +1.900000e+01
-1.578947e-02 +5.455595e-05 +1.900000e+01 +5.085658e-05 +2.621898e-01 +1.662732e-10 +1.212359e+03 +6.305855e+01 +4.372508e-02 +1.672141e+03 +6.888881e+00 +1.900000e+01
-1.578947e-02 +8.858668e-05 +1.900000e+01 +5.782477e-05 +2.666963e-01 +1.421654e-10 +1.962619e+03 +8.868518e+01 +3.534145e-01 +3.032807e+03 +7.322500e+00 +1.900000e+01
-1.578947e-02 +1.438450e-04 +1.900000e+01 +6.907833e-05 +2.717301e-01 +1.227198e-10 +3.554022e+03 +1.224644e+02 +1.544240e+00 +5.726619e+03 +7.852579e+00 +1.900000e+01
-1.578947e-02 +2.335721e-04 +1.900000e+01 +8.189271e-05 +2.773269e-01 +1.166594e-10 +5.937286e+03 +1.664071e+02 +2.087116e+00 +1.034191e+04 +8.605861e+00 +1.900000e+01
-1.578947e-02 +3.792690e-04 +1.900000e+01 +1.110847e-04 +2.828798e-01 +1.299853e-10 +1.363737e+04 +2.166490e+02 +1.000983e+00 +1.911798e+04 +8.889020e+00 +1.900000e+01
-1.578947e-02 +6.158482e-04 +1.900000e+01 +1.600049e-04 +2.884892e-01 +1.872476e-10 +3.361759e+04 +2.741225e+02 +8.249228e-01 +3.918072e+04 +8.895572e+00 +1.900000e+01
-1.578947e-02 +1.000000e-03 +1.900000e+01 +2.365162e-04 +2.940925e-01 +3.171092e-10 +8.263887e+04 +3.382759e+02 +2.742588e+01 +8.827945e+04 +8.899043e+00 +1.900000e+01

+1.578947e-02 +1.000000e-07 +1.900000e+01 +2.565068e-05 +2.431268e-01 +4.466000e-10 +2.683634e-01 +2.876157e+00 +9.126618e+01 +3.709741e+00 +6.103431e+00 +1.900000e+01
+1.578947e-02 +1.623777e-07 +1.900000e+01 +2.569800e-05 +2.431469e-01 +4.454225e-10 +3.392272e-01 +2.898500e+00 +9.051775e+01 +3.771374e+00 +6.104241e+00 +1.900000e+01
+1.578947e-02 +2.636651e-07 +1.900000e+01 +2.577464e-05 +2.431794e-01 +4.435241e-10 +4.715955e-01 +2.934895e+00 +8.931769e+01 +3.890847e+00 +6.105554e+00 +1.900000e+01
+1.578947e-02 +4.281332e-07 +1.900000e+01 +2.589861e-05 +2.432321e-01 +4.404766e-10 +7.317630e-01 +2.994291e+00 +8.740792e+01 +4.135549e+00 +6.107683e+00 +1.900000e+01
+1.578947e-02 +6.951928e-07 +1.900000e+01 +2.609862e-05 +2.433171e-01 +4.356196e-10 +1.271515e+00 +3.091508e+00 +8.440682e+01 +4.664591e+00 +6.111132e+00 +1.900000e+01
+1.578947e-02 +1.128838e-06 +1.900000e+01 +2.642016e-05 +2.434541e-01 +4.279637e-10 +2.449750e+00 +3.251362e+00 +7.978284e+01 +5.863118e+00 +6.116705e+00 +1.900000e+01
+1.578947e-02 +1.832981e-06 +1.900000e+01 +2.693411e-05 +2.436737e-01 +4.161066e-10 +5.128251e+00 +3.515930e+00 +7.287844e+01 +8.671848e+00 +6.125679e+00 +1.900000e+01
+1.578947e-02 +2.976351e-06 +1.900000e+01 +2.774857e-05 +2.440228e-01 +3.982358e-10 +1.137649e+01 +3.957929e+00 +6.306253e+01 +1.537924e+01 +6.140045e+00 +1.900000e+01
+1.578947e-02 +4.832930e-06 +1.900000e+01 +2.902384e-05 +2.445712e-01 +3.723741e-10 +2.609504e+01 +4.704971e+00 +5.011416e+01 +3.145593e+01 +6.162776e+00 +1.900000e+01
+1.578947e-02 +7.847600e-06 +1.900000e+01 +3.095417e-05 +2.454228e-01 +3.376060e-10 +5.983301e+01 +5.993070e+00 +3.504878e+01 +6.925828e+01 +6.202400e+00 +1.900000e+01
+1.578947e-02 +1.274275e-05 +1.900000e+01 +3.373524e-05 +2.467205e-01 +2.953825e-10 +1.327045e+02 +8.255337e+00 +2.036493e+01 +1.555611e+02 +6.277204e+00 +1.900000e+01
+1.578947e-02 +2.069138e-05 +1.900000e+01 +3.749715e-05 +2.486350e-01 +2.501091e-10 +2.768581e+02 +1.225292e+01 +9.021840e+00 +3.462308e+02 +6.419195e+00 +1.900000e+01
+1.578947e-02 +3.359818e-05 +1.900000e+01 +4.260191e-05 +2.512837e-01 +2.052380e-10 +5.562880e+02 +1.908034e+01 +2.273862e+00 +7.085158e+02 +6.570480e+00 +1.900000e+01
+1.578947e-02 +5.455595e-05 +1.900000e+01 +5.021988e-05 +2.546654e-01 +1.623460e-10 +1.152772e+03 +2.998604e+01 +6.115270e-03 +1.561551e+03 +6.871579e+00 +1.900000e+01
+1.578947e-02 +8.858668e-05 +1.900000e+01 +5.774736e-05 +2.590064e-01 +1.368481e-10 +1.953297e+03 +4.758339e+01 +5.955668e-01 +2.866478e+03 +7.250000e+00 +1.900000e+01
+1.578947e-02 +1.438450e-04 +1.900000e+01 +6.837344e-05 +2.639408e-01 +1.186844e-10 +3.440572e+03 +7.249791e+01 +1.896642e+00 +5.476862e+03 +7.815958e+00 +1.900000e+01
+1.578947e-02 +2.335721e-04 +1.900000e+01 +8.099682e-05 +2.693903e-01 +1.122547e-10 +5.750891e+03 +1.060869e+02 +2.532902e+00 +9.959519e+03 +8.565941e+00 +1.900000e+01
+1.578947e-02 +3.792690e-04 +1.900000e+01 +1.085113e-04 +2.748271e-01 +1.230979e-10 +1.283171e+04 +1.459491e+02 +1.513072e+00 +1.832190e+04 +8.909965e+00 +1.900000e+01
+1.578947e-02 +6.158482e-04 +1.900000e+01 +1.566514e-04 +2.802824e-01 +1.755832e-10 +3.196499e+04 +1.923244e+02 +2.698169e-01 +3.744603e+04 +8.895495e+00 +1.900000e+01
+1.578947e-02 +1.000000e-03 +1.900000e+01 +2.311183e-04 +2.857424e-01 +2.949414e-10 +7.846953e+04 +2.451346e+02 +2.023243e+01 +8.401694e+04 +8.899036e+00 +1.900000e+01

+4.736842e-02 +1.000000e-07 +1.900000e+01 +2.528892e-05 +2.360479e-01 +4.372994e-10 +6.628790e-04 +3.882849e-01 +8.543884e+01 +1.159269e+00 +6.098648e+00 +1.900000e+01
+4.736842e-02 +1.623777e-07 +1.900000e+01 +2.533572e-05 +2.360674e-01 +4.361502e-10 +7.998117e-03 +3.803617e-01 +8.473214e+01 +1.122560e+00 +6.099440e+00 +1.900000e+01
+4.736842e-02 +2.636651e-07 +1.900000e+01 +2.541152e-05 +2.360990e-01 +4.342974e-10 +3.709001e-02 +3.676963e-01 +8.359897e+01 +1.082233e+00 +6.100723e+00 +1.900000e+01
+4.736842e-02 +4.281332e-07 +1.900000e+01 +2.553410e-05 +2.361502e-01 +4.313235e-10 +1.291630e-01 +3.476460e-01 +8.179606e+01 +1.067084e+00 +6.102805e+00 +1.900000e+01
+4.736842e-02 +6.951928e-07 +1.900000e+01 +2.573191e-05 +2.362329e-01 +4.265823e-10 +3.951123e-01 +3.164395e-01 +7.896238e+01 +1.173366e+00 +6.106176e+00 +1.900000e+01
+4.736842e-02 +1.128838e-06 +1.900000e+01 +2.604986e-05 +2.363660e-01 +4.191088e-10 +1.126269e+00 +2.692639e-01 +7.459710e+01 +1.682940e+00 +6.111628e+00 +1.900000e+01
+4.736842e-02 +1.832981e-06 +1.900000e+01 +2.655804e-05 +2.365795e-01 +4.075319e-10 +3.072309e+00 +2.015922e-01 +6.808003e+01 +3.366834e+00 +6.120416e+00 +1.900000e+01
+4.736842e-02 +2.976351e-06 +1.900000e+01 +2.736328e-05 +2.369188e-01 +3.900773e-10 +8.114506e+00 +1.141177e-01 +5.881731e+01 +8.232950e+00 +6.134499e+00 +1.900000e+01
+4.736842e-02 +4.832930e-06 +1.900000e+01 +2.862382e-05 +2.374519e-01 +3.648073e-10 +2.082979e+01 +2.662255e-02 +4.660670e+01 +2.128326e+01 +6.156826e+00 +1.900000e+01
+4.736842e-02 +7.847600e-06 +1.900000e+01 +2.910776e-05 +2.385338e-01 +3.531195e-10 +2.727481e+01 +3.657598e-02 +4.143904e+01 +3.800124e+01 +6.256242e+00 +1.900000e+01
+4.736842e-02 +1.274275e-05 +1.900000e+01 +3.330662e-05 +2.395375e-01 +2.891386e-10 +1.196062e+02 +2.704698e-01 +1.852974e+01 +1.324294e+02 +6.266634e+00 +1.900000e+01
+4.736842e-02 +2.069138e-05 +1.900000e+01 +3.691790e-05 +2.414129e-01 +2.457994e-10 +2.512477e+02 +1.286936e+00 +8.179495e+00 +3.096544e+02 +6.419195e+00 +1.900000e+01
+4.736842e-02 +3.359818e-05 +1.900000e+01 +4.209102e-05 +2.439733e-01 +2.006179e-10 +5.239757e+02 +3.893706e+00 +1.833122e+00 +6.517971e+02 +6.555027e+00 +1.900000e+01
+4.736842e-02 +5.455595e-05 +1.900000e+01 +4.807349e-05 +2.473938e-01 +1.648651e-10 +9.629620e+02 +9.571428e+00 +2.629861e-02 +1.334220e+03 +6.854687e+00 +1.900000e+01
+4.736842e-02 +8.858668e-05 +1.900000e+01 +5.679880e-05 +2.515007e-01 +1.337905e-10 +1.840864e+03 +1.970648e+01 +7.632623e-01 +2.726169e+03 +7.250000e+00 +1.900000e+01
+4.736842e-02 +1.438450e-04 +1.900000e+01 +6.769414e-05 +2.562759e-01 +1.147812e-10 +3.332981e+03 +3.604296e+01 +2.271931e+00 +5.251027e+03 +7.780518e+00 +1.900000e+01
+4.736842e-02 +2.335721e-04 +1.900000e+01 +8.142090e-05 +2.615347e-01 +1.077746e-10 +5.838752e+03 +5.969622e+01 +3.030551e+00 +9.596006e+03 +8.442687e+00 +1.900000e+01
+4.736842e-02 +3.792690e-04 +1.900000e+01 +1.068461e-04 +2.668834e-01 +1.172000e-10 +1.232345e+04 +8.984332e+01 +2.035378e+00 +1.768203e+04 +8.890270e+00 +1.900000e+01
+4.736842e-02 +6.158482e-04 +1.900000e+01 +1.534589e-04 +2.722037e-01 +1.648083e-10 +3.043037e+04 +1.259222e+02 +2.568855e-02 +3.584476e+04 +8.895430e+00 +1.900000e+01
+4.736842e-02 +1.000000e-03 +1.900000e+01 +2.259820e-04 +2.775242e-01 +2.746019e-10 +7.460251e+04 +1.680787e+02 +1.459288e+01 +8.007296e+04 +8.899060e+00 +1.900000e+01

+7.894737e-02 +1.000000e-07 +1.900000e+01 +2.494570e-05 +2.291537e-01 +4.279645e-10 +1.947544e-01 +8.303949e+00 +7.978330e+01 +9.491293e+00 +6.094141e+00 +1.900000e+01
+7.894737e-02 +1.623777e-07 +1.900000e+01 +2.499200e-05 +2.291727e-01 +4.268439e-10 +1.431231e-01 +8.268166e+00 +7.911740e+01 +9.363742e+00 +6.094914e+00 +1.900000e+01
+7.894737e-02 +2.636651e-07 +1.900000e+01 +2.506697e-05 +2.292034e-01 +4.250372e-10 +7.633202e-02 +8.210426e+00 +7.804966e+01 +9.175821e+00 +6.096170e+00 +1.900000e+01
+7.894737e-02 +4.281332e-07 +1.900000e+01 +2.518827e-05 +2.292532e-01 +4.221361e-10 +1.237136e-02 +8.117114e+00 +7.635038e+01 +8.920449e+00 +6.098204e+00 +1.900000e+01
+7.894737e-02 +6.951928e-07 +1.900000e+01 +2.538393e-05 +2.293335e-01 +4.175115e-10 +2.403785e-02 +7.968060e+00 +7.368021e+01 +8.636247e+00 +6.101502e+00 +1.900000e+01
+7.894737e-02 +1.128838e-06 +1.900000e+01 +2.569845e-05 +2.294629e-01 +4.102205e-10 +3.399462e-01 +7.730548e+00 +6.956700e+01 +8.509028e+00 +6.106836e+00 +1.900000e+01
+7.894737e-02 +1.832981e-06 +1.900000e+01 +2.620113e-05 +2.296703e-01 +3.989238e-10 +1.605548e+00 +7.357355e+00 +6.342730e+01 +9.152798e+00 +6.115441e+00 +1.900000e+01
+7.894737e-02 +2.976351e-06 +1.900000e+01 +2.699753e-05 +2.300001e-01 +3.818872e-10 +5.526601e+00 +6.782825e+00 +5.470436e+01 +1.231467e+01 +6.129249e+00 +1.900000e+01
+7.894737e-02 +4.832930e-06 +1.900000e+01 +2.824402e-05 +2.305184e-01 +3.572106e-10 +1.637926e+01 +5.927222e+00 +4.321338e+01 +2.256132e+01 +6.151183e+00 +1.900000e+01
+7.894737e-02 +7.847600e-06 +1.900000e+01 +2.873815e-05 +2.315669e-01 +3.455480e-10 +2.227422e+01 +4.372781e+00 +3.825342e+01 +3.596103e+01 +6.247972e+00 +1.900000e+01
+7.894737e-02 +1.274275e-05 +1.900000e+01 +3.289792e-05 +2.325419e-01 +2.829198e-10 +1.077503e+02 +3.138944e+00 +1.678810e+01 +1.216534e+02 +6.256674e+00 +1.900000e+01
+7.894737e-02 +2.069138e-05 +1.900000e+01 +3.636837e-05 +2.343791e-01 +2.414401e-10 +2.280999e+02 +1.368478e+00 +7.369431e+00 +2.865882e+02 +6.419195e+00 +1.900000e+01
+7.894737e-02 +3.359818e-05 +1.900000e+01 +4.031204e-05 +2.369930e-01 +2.048252e-10 +4.190060e+02 +9.829194e-02 +2.232554e+00 +5.749167e+02 +6.606334e+00 +1.900000e+01
+7.894737e-02 +5.455595e-05 +1.900000e+01 +4.751168e-05 +2.401798e-01 +1.609453e-10 +9.160977e+02 +5.335960e-01 +9.929209e-04 +1.262170e+03 +6.838369e+00 +1.900000e+01
+7.894737e-02 +8.858668e-05 +1.900000e+01 +5.768797e-05 +2.440733e-01 +1.266077e-10 +1.946159e+03 +4.024006e+00 +1.238941e+00 +2.707157e+03 +7.177500e+00 +1.900000e+01
+7.894737e-02 +1.438450e-04 +1.900000e+01 +6.704478e-05 +2.488097e-01 +1.110399e-10 +3.231729e+03 +1.265681e+01 +2.663430e+00 +5.049670e+03 +7.746568e+00 +1.900000e+01
+7.894737e-02 +2.335721e-04 +1.900000e+01 +8.058913e-05 +2.539261e-01 +1.037334e-10 +5.667054e+03 +2.739229e+01 +3.517697e+00 +9.274144e+03 +8.405562e+00 +1.900000e+01
+7.894737e-02 +3.792690e-04 +1.900000e+01 +1.052814e-04 +2.591411e-01 +1.117138e-10 +1.185523e+04 +4.819409e+01 +2.590621e+00 +1.709708e+04 +8.870548e+00 +1.900000e+01
+7.894737e-02 +6.158482e-04 +1.900000e+01 +1.504454e-04 +2.643301e-01 +1.549320e-10 +2.901649e+04 +7.468618e+01 +2.853856e-02 +3.437931e+04 +8.895345e+00 +1.900000e+01
+7.894737e-02 +1.000000e-03 +1.900000e+01 +2.211404e-04 +2.695126e-01 +2.560848e-10 +7.104677e+04 +1.069135e+02 +1.025810e+01 +7.645621e+04 +8.899102e+00 +1.900000e+01

+1.105263e-01 +1.000000e-07 +1.900000e+01 +2.461739e-05 +2.223871e-01 +4.185393e-10 +7.886972e-01 +2.599383e+01 +7.426950e+01 +2.801257e+01 +6.089855e+00 +1.900000e+01
+1.105263e-01 +1.623777e-07 +1.900000e+01 +2.466320e-05 +2.224056e-01 +4.174474e-10 +6.818641e-01 +2.593199e+01 +7.364354e+01 +2.780015e+01 +6.090611e+00 +1.900000e+01
+1.105263e-01 +2.636651e-07 +1.900000e+01 +2.473741e-05 +2.224354e-01 +4.156861e-10 +5.252737e-01 +2.583263e+01 +7.263932e+01 +2.747503e+01 +6.091836e+00 +1.900000e+01
+1.105263e-01 +4.281332e-07 +1.900000e+01 +2.485756e-05 +2.224830e-01 +4.128544e-10 +3.150074e-01 +2.567435e+01 +7.103925e+01 +2.699846e+01 +6.093827e+00 +1.900000e+01
+1.105263e-01 +6.951928e-07 +1.900000e+01 +2.505100e-05 +2.225617e-01 +4.083522e-10 +8.881598e-02 +2.541392e+01 +6.853200e+01 +2.634851e+01 +6.097053e+00 +1.900000e+01
+1.105263e-01 +1.128838e-06 +1.900000e+01 +2.536224e-05 +2.226874e-01 +4.012445e-10 +1.575585e-02 +2.500032e+01 +6.466546e+01 +2.562811e+01 +6.102271e+00 +1.900000e+01
+1.105263e-01 +1.832981e-06 +1.900000e+01 +2.585959e-05 +2.228889e-01 +3.902304e-10 +6.437425e-01 +2.434456e+01 +5.889558e+01 +2.530255e+01 +6.110698e+00 +1.900000e+01
+1.105263e-01 +2.976351e-06 +1.900000e+01 +2.664750e-05 +2.232094e-01 +3.736145e-10 +3.513920e+00 +2.331954e+01 +5.070129e+01 +2.687520e+01 +6.124237e+00 +1.900000e+01
+1.105263e-01 +4.832930e-06 +1.900000e+01 +2.788045e-05 +2.237129e-01 +3.495367e-10 +1.261935e+01 +2.175370e+01 +3.991575e+01 +3.450448e+01 +6.145776e+00 +1.900000e+01
+1.105263e-01 +7.847600e-06 +1.900000e+01 +2.837072e-05 +2.247310e-01 +3.381375e-10 +1.780453e+01 +1.875362e+01 +3.525886e+01 +4.491311e+01 +6.241839e+00 +1.900000e+01
+1.105263e-01 +1.274275e-05 +1.900000e+01 +3.250517e-05 +2.256758e-01 +2.766810e-10 +9.694021e+01 +1.616874e+01 +1.512717e+01 +1.222983e+02 +6.247193e+00 +1.900000e+01
+1.105263e-01 +2.069138e-05 +1.900000e+01 +3.641941e-05 +2.273989e-01 +2.317266e-10 +2.302029e+02 +1.194756e+01 +5.716342e+00 +2.765897e+02 +6.355003e+00 +1.900000e+01
+1.105263e-01 +3.359818e-05 +1.900000e+01 +3.985861e-05 +2.299976e-01 +2.000962e-10 +3.941255e+02 +6.787136e+00 +1.786341e+00 +5.474310e+02 +6.591970e+00 +1.900000e+01
+1.105263e-01 +5.455595e-05 +1.900000e+01 +4.697341e-05 +2.330973e-01 +1.570565e-10 +8.722931e+02 +2.527324e+00 +9.626642e-03 +1.205015e+03 +6.822508e+00 +1.900000e+01
+1.105263e-01 +8.858668e-05 +1.900000e+01 +5.680026e-05 +2.368965e-01 +1.236768e-10 +1.841034e+03 +1.191054e-01 +1.465976e+00 +2.598126e+03 +7.177500e+00 +1.900000e+01
+1.105263e-01 +1.438450e-04 +1.900000e+01 +6.641856e-05 +2.414792e-01 +1.074211e-10 +3.135566e+03 +1.336728e+00 +3.071707e+00 +4.869704e+03 +7.713823e+00 +1.900000e+01
+1.105263e-01 +2.335721e-04 +1.900000e+01 +7.980202e-05 +2.464566e-01 +9.986097e-11 +5.506933e+03 +7.765997e+00 +4.018559e+00 +8.979221e+03 +8.368687e+00 +1.900000e+01
+1.105263e-01 +3.792690e-04 +1.900000e+01 +1.037402e-04 +2.515403e-01 +1.065308e-10 +1.140293e+04 +1.982179e+01 +3.176615e+00 +1.655231e+04 +8.853598e+00 +1.900000e+01
+1.105263e-01 +6.158482e-04 +1.900000e+01 +1.475750e-04 +2.565967e-01 +1.457886e-10 +2.770100e+04 +3.731560e+01 +2.244045e-01 +3.302616e+04 +8.895269e+00 +1.900000e+01
+1.105263e-01 +1.000000e-03 +1.900000e+01 +2.165375e-04 +2.616426e-01 +2.390631e-10 +6.774683e+04 +6.024411e+01 +6.945533e+00 +7.310973e+04 +8.899135e+00 +1.900000e+01

+1.421053e-01 +1.000000e-07 +1.900000e+01 +2.430144e-05 +2.157065e-01 +4.089805e-10 +1.737243e+00 +5.310015e+01 +6.887923e+01 +5.631862e+01 +6.085752e+00 +1.900000e+01
+1.421053e-01 +1.623777e-07 +1.900000e+01 +2.434694e-05 +2.157238e-01 +4.079127e-10 +1.577844e+00 +5.301716e+01 +6.828969e+01 +5.602928e+01 +6.086491e+00 +1.900000e+01
+1.421053e-01 +2.636651e-07 +1.900000e+01 +2.442037e-05 +2.157528e-01 +4.061983e-10 +1.336794e+00 +5.287933e+01 +6.734844e+01 +5.557582e+01 +6.087690e+00 +1.900000e+01
+1.421053e-01 +4.281332e-07 +1.900000e+01 +2.453914e-05 +2.157997e-01 +4.034459e-10 +9.891700e-01 +5.265580e+01 +6.585102e+01 +5.488790e+01 +6.089635e+00 +1.900000e+01
+1.421053e-01 +6.951928e-07 +1.900000e+01 +2.473060e-05 +2.158759e-01 +3.990613e-10 +5.388089e-01 +5.229424e+01 +6.350033e+01 +5.389783e+01 +6.092789e+00 +1.900000e+01
+1.421053e-01 +1.128838e-06 +1.900000e+01 +2.503862e-05 +2.159979e-01 +3.921392e-10 +9.914167e-02 +5.171770e+01 +5.987623e+01 +5.262243e+01 +6.097893e+00 +1.900000e+01
+1.421053e-01 +1.832981e-06 +1.900000e+01 +2.553077e-05 +2.161936e-01 +3.814117e-10 +1.259232e-01 +5.079971e+01 +5.447014e+01 +5.138853e+01 +6.106146e+00 +1.900000e+01
+1.421053e-01 +2.976351e-06 +1.900000e+01 +2.631059e-05 +2.165042e-01 +3.652175e-10 +2.005232e+00 +4.935959e+01 +4.679356e+01 +5.147448e+01 +6.119416e+00 +1.900000e+01
+1.421053e-01 +4.832930e-06 +1.900000e+01 +2.753024e-05 +2.169936e-01 +3.417502e-10 +9.460567e+00 +4.713261e+01 +3.670347e+01 +5.664404e+01 +6.140571e+00 +1.900000e+01
+1.421053e-01 +7.847600e-06 +1.900000e+01 +2.940782e-05 +2.177476e-01 +3.096339e-10 +3.170661e+01 +4.380175e+01 +2.487813e+01 +7.671249e+01 +6.173698e+00 +1.900000e+01
+1.421053e-01 +1.274275e-05 +1.900000e+01 +3.212526e-05 +2.188966e-01 +2.703902e-10 +8.702720e+01 +3.896107e+01 +1.353999e+01 +1.337885e+02 +6.238130e+00 +1.900000e+01
+1.421053e-01 +2.069138e-05 +1.900000e+01 +3.597882e-05 +2.205734e-01 +2.266296e-10 +2.123684e+02 +3.240533e+01 +4.932776e+00 +2.767646e+02 +6.346930e+00 +1.900000e+01
+1.421053e-01 +3.359818e-05 +1.900000e+01 +3.942057e-05 +2.230931e-01 +1.953546e-10 +3.708125e+02 +2.368890e+01 +1.388829e+00 +5.322918e+02 +6.578060e+00 +1.900000e+01
+1.421053e-01 +5.455595e-05 +1.900000e+01 +4.645428e-05 +2.261039e-01 +1.531762e-10 +8.310630e+02 +1.506048e+01 +5.173854e-02 +1.161632e+03 +6.806978e+00 +1.900000e+01
+1.421053e-01 +8.858668e-05 +1.900000e+01 +5.620556e-05 +2.297927e-01 +1.201907e-10 +1.772241e+03 +7.141305e+00 +1.760867e+00 +2.506132e+03 +7.156416e+00 +1.900000e+01
+1.421053e-01 +1.438450e-04 +1.900000e+01 +6.595778e-05 +2.342348e-01 +1.037336e-10 +3.065736e+03 +1.481309e+00 +3.517673e+00 +4.707707e+03 +7.671112e+00 +1.900000e+01
+1.421053e-01 +2.335721e-04 +1.900000e+01 +7.901766e-05 +2.390801e-01 +9.613073e-11 +5.349655e+03 +1.370633e-01 +4.532538e+00 +8.708428e+03 +8.334242e+00 +1.900000e+01
+1.421053e-01 +3.792690e-04 +1.900000e+01 +1.021717e-04 +2.440343e-01 +1.015834e-10 +1.095163e+04 +3.972891e+00 +3.791666e+00 +1.603982e+04 +8.841541e+00 +1.900000e+01
+1.421053e-01 +6.158482e-04 +1.900000e+01 +1.448229e-04 +2.489572e-01 +1.372609e-10 +2.646836e+04 +1.300295e+01 +5.745172e-01 +3.176893e+04 +8.895196e+00 +1.900000e+01
+1.421053e-01 +1.000000e-03 +1.900000e+01 +2.121259e-04 +2.538689e-01 +2.232929e-10 +6.465774e+04 +2.719666e+01 +4.451098e+00 +6.998782e+04 +8.899195e+00 +1.900000e+01

+1.736842e-01 +1.000000e-07 +1.900000e+01 +2.400240e-05 +2.092177e-01 +3.994545e-10 +2.975572e+00 +8.859892e+01 +6.370939e+01 +9.331368e+01 +6.081886e+00 +1.900000e+01
+1.736842e-01 +1.623777e-07 +1.900000e+01 +2.404729e-05 +2.092351e-01 +3.984200e-10 +2.768579e+00 +8.849171e+01 +6.316013e+01 +9.294969e+01 +6.082609e+00 +1.900000e+01
+1.736842e-01 +2.636651e-07 +1.900000e+01 +2.411998e-05 +2.092632e-01 +3.967519e-10 +2.449176e+00 +8.831878e+01 +6.227938e+01 +9.237809e+01 +6.083781e+00 +1.900000e+01
+1.736842e-01 +4.281332e-07 +1.900000e+01 +2.423755e-05 +2.093086e-01 +3.940732e-10 +1.973986e+00 +8.803936e+01 +6.087806e+01 +9.149884e+01 +6.085685e+00 +1.900000e+01
+1.736842e-01 +6.951928e-07 +1.900000e+01 +2.442724e-05 +2.093822e-01 +3.898023e-10 +1.315262e+00 +8.758728e+01 +5.867678e+01 +9.019680e+01 +6.088769e+00 +1.900000e+01
+1.736842e-01 +1.128838e-06 +1.900000e+01 +2.473216e-05 +2.095005e-01 +3.830649e-10 +5.356945e-01 +8.686325e+01 +5.528663e+01 +8.841123e+01 +6.093767e+00 +1.900000e+01
+1.736842e-01 +1.832981e-06 +1.900000e+01 +2.521954e-05 +2.096900e-01 +3.726166e-10 +4.715129e-03 +8.571010e+01 +5.022870e+01 +8.634440e+01 +6.101848e+00 +1.900000e+01
+1.736842e-01 +2.976351e-06 +1.900000e+01 +2.599111e-05 +2.099924e-01 +3.568542e-10 +9.629612e-01 +8.388557e+01 +4.305731e+01 +8.505198e+01 +6.114860e+00 +1.900000e+01
+1.736842e-01 +4.832930e-06 +1.900000e+01 +2.719860e-05 +2.104665e-01 +3.339820e-10 +6.887940e+00 +8.106491e+01 +3.363306e+01 +8.796202e+01 +6.135638e+00 +1.900000e+01
+1.736842e-01 +7.847600e-06 +1.900000e+01 +2.905619e-05 +2.111991e-01 +3.026757e-10 +2.654674e+01 +7.680029e+01 +2.261818e+01 +1.042575e+02 +6.168259e+00 +1.900000e+01
+1.736842e-01 +1.274275e-05 +1.900000e+01 +3.176415e-05 +2.123117e-01 +2.641480e-10 +7.809994e+01 +7.054483e+01 +1.205201e+01 +1.552396e+02 +6.229585e+00 +1.900000e+01
+1.736842e-01 +2.069138e-05 +1.900000e+01 +3.558751e-05 +2.139396e-01 +2.213265e-10 +1.971317e+02 +6.187113e+01 +4.178818e+00 +2.878864e+02 +6.336225e+00 +1.900000e+01
+1.736842e-01 +3.359818e-05 +1.900000e+01 +3.977330e-05 +2.163063e-01 +1.855316e-10 +3.895295e+02 +5.027506e+01 +7.242902e-01 +5.601546e+02 +6.548876e+00 +1.900000e+01
+1.736842e-01 +5.455595e-05 +1.900000e+01 +4.596129e-05 +2.193101e-01 +1.493666e-10 +7.928334e+02 +3.728865e+01 +1.256324e-01 +1.131820e+03 +6.792040e+00 +1.900000e+01
+1.736842e-01 +8.858668e-05 +1.900000e+01 +5.566322e-05 +2.228885e-01 +1.167571e-10 +1.710645e+03 +2.434575e+01 +2.077722e+00 +2.430634e+03 +7.134251e+00 +1.900000e+01
+1.736842e-01 +1.438450e-04 +1.900000e+01 +6.526157e-05 +2.272082e-01 +1.004823e-10 +2.961717e+03 +1.238348e+01 +3.935946e+00 +4.568198e+03 +7.649194e+00 +1.900000e+01
+1.736842e-01 +2.335721e-04 +1.900000e+01 +7.819025e-05 +2.319154e-01 +9.260922e-11 +5.186214e+03 +3.908233e+00 +5.046130e+00 +8.464785e+03 +8.306537e+00 +1.900000e+01
+1.736842e-01 +3.792690e-04 +1.900000e+01 +1.006939e-04 +2.367379e-01 +9.697431e-11 +1.053476e+04 +1.576763e-01 +4.413597e+00 +1.557386e+04 +8.829448e+00 +1.900000e+01
+1.736842e-01 +6.158482e-04 +1.900000e+01 +1.422228e-04 +2.415304e-01 +1.294184e-10 +2.532959e+04 +1.375812e+00 +1.039146e+00 +3.061831e+04 +8.895136e+00 +1.900000e+01
+1.736842e-01 +1.000000e-03 +1.900000e+01 +2.079665e-04 +2.463114e-01 +2.088939e-10 +6.181117e+04 +7.503133e+00 +2.656237e+00 +6.712174e+04 +8.899243e+00 +1.900000e+01

+2.052632e-01 +1.000000e-07 +1.900000e+01 +2.371794e-05 +2.028857e-01 +3.899315e-10 +4.460907e+00 +1.319527e+02 +5.874278e+01 +1.384163e+02 +6.078224e+00 +1.900000e+01
+2.052632e-01 +1.623777e-07 +1.900000e+01 +2.376241e-05 +2.029026e-01 +3.889253e-10 +4.208963e+00 +1.318258e+02 +5.822978e+01 +1.379852e+02 +6.078929e+00 +1.900000e+01
+2.052632e-01 +2.636651e-07 +1.900000e+01 +2.383437e-05 +2.029297e-01 +3.873032e-10 +3.816722e+00 +1.316215e+02 +5.740751e+01 +1.373052e+02 +6.080078e+00 +1.900000e+01
+2.052632e-01 +4.281332e-07 +1.900000e+01 +2.395081e-05 +2.029738e-01 +3.846980e-10 +3.222721e+00 +1.312907e+02 +5.609910e+01 +1.362490e+02 +6.081938e+00 +1.900000e+01
+2.052632e-01 +6.951928e-07 +1.900000e+01 +2.413866e-05 +2.030452e-01 +3.805440e-10 +2.370227e+00 +1.307549e+02 +5.404406e+01 +1.346580e+02 +6.084954e+00 +1.900000e+01
+2.052632e-01 +1.128838e-06 +1.900000e+01 +2.444055e-05 +2.031600e-01 +3.739915e-10 +1.274041e+00 +1.298959e+02 +5.088041e+01 +1.324001e+02 +6.089852e+00 +1.900000e+01
+2.052632e-01 +1.832981e-06 +1.900000e+01 +2.492291e-05 +2.033431e-01 +3.638290e-10 +2.230981e-01 +1.285325e+02 +4.616252e+01 +1.295672e+02 +6.097767e+00 +1.900000e+01
+2.052632e-01 +2.976351e-06 +1.900000e+01 +2.568731e-05 +2.036369e-01 +3.484818e-10 +3.224893e-01 +1.263593e+02 +3.947267e+01 +1.270010e+02 +6.110528e+00 +1.900000e+01
+2.052632e-01 +4.832930e-06 +1.900000e+01 +2.688237e-05 +2.040980e-01 +3.262202e-10 +4.814342e+00 +1.229859e+02 +3.069905e+01 +1.278011e+02 +6.130939e+00 +1.900000e+01
+2.052632e-01 +7.847600e-06 +1.900000e+01 +2.872114e-05 +2.048089e-01 +2.957157e-10 +2.205628e+01 +1.178749e+02 +2.046527e+01 +1.405995e+02 +6.163065e+00 +1.900000e+01
+2.052632e-01 +1.274275e-05 +1.900000e+01 +3.141849e-05 +2.058868e-01 +2.579401e-10 +7.000724e+01 +1.103319e+02 +1.065807e+01 +1.858862e+02 +6.221499e+00 +1.900000e+01
+2.052632e-01 +2.069138e-05 +1.900000e+01 +3.521313e-05 +2.074656e-01 +2.160601e-10 +1.830850e+02 +9.973405e+01 +3.491925e+00 +3.088934e+02 +6.326039e+00 +1.900000e+01
+2.052632e-01 +3.359818e-05 +1.900000e+01 +4.054635e-05 +2.096466e-01 +1.737104e-10 +4.321615e+02 +8.597338e+01 +2.088608e-01 +6.039583e+02 +6.484035e+00 +1.900000e+01
+2.052632e-01 +5.455595e-05 +1.900000e+01 +4.549034e-05 +2.126794e-01 +1.456103e-10 +7.571526e+02 +6.853621e+01 +2.300711e-01 +1.114354e+03 +6.777625e+00 +1.900000e+01
+2.052632e-01 +8.858668e-05 +1.900000e+01 +5.511182e-05 +2.161548e-01 +1.134863e-10 +1.649139e+03 +5.098108e+01 +2.403916e+00 +2.370081e+03 +7.115577e+00 +1.900000e+01
+2.052632e-01 +1.438450e-04 +1.900000e+01 +6.459518e-05 +2.203494e-01 +9.734474e-11 +2.863836e+03 +3.324611e+01 +4.361868e+00 +4.447112e+03 +7.628076e+00 +1.900000e+01
+2.052632e-01 +2.335721e-04 +1.900000e+01 +7.740468e-05 +2.249212e-01 +8.924449e-11 +5.033385e+03 +1.821779e+01 +5.562603e+00 +8.244971e+03 +8.279376e+00 +1.900000e+01
+2.052632e-01 +3.792690e-04 +1.900000e+01 +9.847442e-05 +2.296353e-01 +9.235961e-11 +9.923876e+03 +7.419582e+00 +5.083581e+00 +1.547189e+04 +8.960536e+00 +1.900000e+01
+2.052632e-01 +6.158482e-04 +1.900000e+01 +1.397547e-04 +2.342814e-01 +1.221623e-10 +2.427177e+04 +1.444424e+00 +1.590770e+00 +2.956027e+04 +8.895061e+00 +1.900000e+01
+2.052632e-01 +1.000000e-03 +1.900000e+01 +2.040200e-04 +2.389302e-01 +1.956550e-10 +5.916964e+04 +1.031168e-01 +1.412536e+00 +6.447311e+04 +8.899320e+00 +1.900000e+01

+2.368421e-01 +1.000000e-07 +1.900000e+01 +2.383626e-05 +1.965266e-01 +3.724872e-10 +3.806684e+00 +1.841530e+02 +5.016757e+01 +1.902343e+02 +6.074690e+00 +1.900000e+01
+2.368421e-01 +1.623777e-07 +1.900000e+01 +2.388149e-05 +1.965429e-01 +3.715134e-10 +3.570312e+00 +1.840078e+02 +4.970879e+01 +1.897983e+02 +6.075379e+00 +1.900000e+01
+2.368421e-01 +2.636651e-07 +1.900000e+01 +2.395477e-05 +1.965694e-01 +3.699425e-10 +3.203404e+00 +1.837731e+02 +4.897317e+01 +1.891098e+02 +6.076498e+00 +1.900000e+01
+2.368421e-01 +4.281332e-07 +1.900000e+01 +2.367329e-05 +1.966894e-01 +3.751851e-10 +4.721285e+00 +1.827081e+02 +5.144959e+01 +1.894247e+02 +6.078322e+00 +1.900000e+01
+2.368421e-01 +6.951928e-07 +1.900000e+01 +2.385950e-05 +1.967583e-01 +3.711453e-10 +3.684303e+00 +1.820989e+02 +4.953593e+01 +1.875649e+02 +6.081276e+00 +1.900000e+01
+2.368421e-01 +1.128838e-06 +1.900000e+01 +2.415835e-05 +1.968703e-01 +3.647824e-10 +2.288462e+00 +1.811100e+02 +4.659539e+01 +1.848596e+02 +6.086066e+00 +1.900000e+01
+2.368421e-01 +1.832981e-06 +1.900000e+01 +2.463605e-05 +1.970489e-01 +3.549079e-10 +7.442469e-01 +1.795390e+02 +4.221010e+01 +1.812925e+02 +6.093824e+00 +1.900000e+01
+2.368421e-01 +2.976351e-06 +1.900000e+01 +2.539268e-05 +1.973317e-01 +3.399889e-10 +2.786982e-02 +1.770640e+02 +3.599556e+01 +1.775480e+02 +6.106336e+00 +1.900000e+01
+2.368421e-01 +4.832930e-06 +1.900000e+01 +2.657612e-05 +1.977785e-01 +3.183334e-10 +3.159156e+00 +1.731904e+02 +2.785496e+01 +1.763714e+02 +6.126383e+00 +1.900000e+01
+2.368421e-01 +7.847600e-06 +1.900000e+01 +2.839645e-05 +1.984692e-01 +2.886462e-10 +1.810131e+01 +1.672857e+02 +1.838871e+01 +1.858555e+02 +6.158010e+00 +1.900000e+01
+2.368421e-01 +1.274275e-05 +1.900000e+01 +3.108250e-05 +1.995124e-01 +2.516597e-10 +6.256506e+01 +1.585621e+02 +9.334998e+00 +2.257506e+02 +6.213708e+00 +1.900000e+01
+2.368421e-01 +2.069138e-05 +1.900000e+01 +3.484869e-05 +2.010431e-01 +2.107475e-10 +1.699099e+02 +1.461849e+02 +2.861454e+00 +3.395891e+02 +6.316190e+00 +1.900000e+01
+2.368421e-01 +3.359818e-05 +1.900000e+01 +4.001932e-05 +2.031694e-01 +1.700401e-10 +4.028565e+02 +1.298257e+02 +1.120049e-01 +6.185056e+02 +6.484035e+00 +1.900000e+01
+2.368421e-01 +5.455595e-05 +1.900000e+01 +4.503296e-05 +2.061006e-01 +1.418434e-10 +7.232870e+02 +1.088652e+02 +3.662897e-01 +1.108282e+03 +6.763452e+00 +1.900000e+01
+2.368421e-01 +8.858668e-05 +1.900000e+01 +5.367927e-05 +2.095235e-01 +1.122950e-10 +1.494607e+03 +8.672295e+01 +2.528631e+00 +2.232272e+03 +7.101515e+00 +1.900000e+01
+2.368421e-01 +1.438450e-04 +1.900000e+01 +6.394982e-05 +2.135436e-01 +9.425930e-11 +2.770612e+03 +6.392843e+01 +4.802045e+00 +4.341461e+03 +7.607125e+00 +1.900000e+01
+2.368421e-01 +2.335721e-04 +1.900000e+01 +7.664607e-05 +2.179807e-01 +8.597192e-11 +4.887968e+03 +4.279708e+01 +6.089063e+00 +8.044126e+03 +8.252305e+00 +1.900000e+01
+2.368421e-01 +3.792690e-04 +1.900000e+01 +9.738807e-05 +2.225605e-01 +8.834611e-11 +9.631521e+03 +2.541782e+01 +5.704755e+00 +1.507753e+04 +8.929737e+00 +1.900000e+01
+2.368421e-01 +6.158482e-04 +1.900000e+01 +1.373689e-04 +2.270848e-01 +1.153225e-10 +2.327070e+04 +1.266963e+01 +2.217862e+00 +2.857015e+04 +8.894989e+00 +1.900000e+01
+2.368421e-01 +1.000000e-03 +1.900000e+01 +2.002087e-04 +2.316047e-01 +1.832636e-10 +5.667332e+04 +4.321096e+00 +6.013269e-01 +6.198141e+04 +8.899424e+00 +1.900000e+01

+2.684211e-01 +1.000000e-07 +1.900000e+01 +2.356995e-05 +1.904444e-01 +3.631925e-10 +5.352190e+00 +2.422016e+02 +4.587468e+01 +2.501004e+02 +6.071359e+00 +1.900000e+01
+2.684211e-01 +1.623777e-07 +1.900000e+01 +2.361474e-05 +1.904601e-01 +3.622466e-10 +5.073849e+00 +2.420413e+02 +4.544853e+01 +2.496053e+02 +6.072035e+00 +1.900000e+01
+2.684211e-01 +2.636651e-07 +1.900000e+01 +2.368722e-05 +1.904845e-01 +3.607201e-10 +4.639276e+00 +2.417930e+02 +4.476506e+01 +2.488319e+02 +6.073135e+00 +1.900000e+01
+2.684211e-01 +4.281332e-07 +1.900000e+01 +2.380465e-05 +1.905271e-01 +3.582724e-10 +3.976416e+00 +2.413597e+02 +4.367995e+01 +2.475927e+02 +6.074917e+00 +1.900000e+01
+2.684211e-01 +6.951928e-07 +1.900000e+01 +2.399402e-05 +1.905939e-01 +3.543662e-10 +3.015028e+00 +2.406794e+02 +4.197582e+01 +2.457282e+02 +6.077809e+00 +1.900000e+01
+2.684211e-01 +1.128838e-06 +1.900000e+01 +2.389179e-05 +1.907768e-01 +3.556616e-10 +3.517511e+00 +2.388240e+02 +4.253719e+01 +2.440384e+02 +6.082499e+00 +1.900000e+01
+2.684211e-01 +1.832981e-06 +1.900000e+01 +2.436506e-05 +1.909500e-01 +3.460688e-10 +1.516508e+00 +2.370732e+02 +3.846842e+01 +2.398055e+02 +6.090100e+00 +1.900000e+01
+2.684211e-01 +2.976351e-06 +1.900000e+01 +2.511475e-05 +1.912253e-01 +3.315705e-10 +4.463445e-02 +2.343041e+02 +3.270715e+01 +2.349565e+02 +6.102376e+00 +1.900000e+01
+2.684211e-01 +4.832930e-06 +1.900000e+01 +2.628675e-05 +1.916589e-01 +3.105209e-10 +1.914405e+00 +2.299763e+02 +2.517394e+01 +2.319589e+02 +6.122075e+00 +1.900000e+01
+2.684211e-01 +7.847600e-06 +1.900000e+01 +2.808929e-05 +1.923274e-01 +2.816399e-10 +1.471931e+01 +2.233816e+02 +1.644030e+01 +2.384128e+02 +6.153220e+00 +1.900000e+01
+2.684211e-01 +1.274275e-05 +1.900000e+01 +2.979133e-05 +1.934686e-01 +2.565582e-10 +3.785646e+01 +2.123462e+02 +1.035943e+01 +2.630943e+02 +6.268439e+00 +1.900000e+01
+2.684211e-01 +2.069138e-05 +1.900000e+01 +3.450229e-05 +1.948197e-01 +2.055136e-10 +1.578431e+02 +1.996420e+02 +2.301649e+00 +3.786658e+02 +6.306886e+00 +1.900000e+01
+2.684211e-01 +3.359818e-05 +1.900000e+01 +3.947998e-05 +1.968970e-01 +1.666268e-10 +3.739330e+02 +1.808746e+02 +4.879430e-02 +6.406310e+02 +6.484035e+00 +1.900000e+01
+2.684211e-01 +5.455595e-05 +1.900000e+01 +4.459911e-05 +1.997262e-01 +1.381542e-10 +6.918795e+02 +1.568032e+02 +5.302656e-01 +1.113063e+03 +6.749872e+00 +1.900000e+01
+2.684211e-01 +8.858668e-05 +1.900000e+01 +5.313166e-05 +2.030499e-01 +1.092245e-10 +1.437543e+03 +1.307194e+02 +2.864616e+00 +2.201021e+03 +7.087878e+00 +1.900000e+01
+2.684211e-01 +1.438450e-04 +1.900000e+01 +6.334097e-05 +2.069481e-01 +9.129073e-11 +2.684075e+03 +1.031491e+02 +5.245515e+00 +4.252734e+03 +7.586715e+00 +1.900000e+01
+2.684211e-01 +2.335721e-04 +1.900000e+01 +7.593042e-05 +2.112548e-01 +8.285926e-11 +4.752743e+03 +7.648091e+01 +6.611883e+00 +7.865656e+03 +8.225946e+00 +1.900000e+01
+2.684211e-01 +3.792690e-04 +1.900000e+01 +9.636709e-05 +2.157035e-01 +8.457836e-11 +9.360742e+03 +5.311431e+01 +6.320471e+00 +1.471763e+04 +8.899428e+00 +1.900000e+01
+2.684211e-01 +6.158482e-04 +1.900000e+01 +1.351150e-04 +2.201088e-01 +1.090167e-10 +2.234432e+04 +3.416152e+01 +2.888103e+00 +2.766504e+04 +8.894931e+00 +1.900000e+01
+2.684211e-01 +1.000000e-03 +1.900000e+01 +1.966124e-04 +2.245025e-01 +1.719182e-10 +5.436713e+04 +1.940769e+01 +1.578249e-01 +5.969058e+04 +8.899497e+00 +1.900000e+01

+3.000000e-01 +1.000000e-07 +1.900000e+01 +2.331861e-05 +1.845513e-01 +3.539909e-10 +7.051731e+00 +3.060198e+02 +4.181386e+01 +3.158882e+02 +6.068225e+00 +1.900000e+01
+3.000000e-01 +1.623777e-07 +1.900000e+01 +2.336292e-05 +1.845652e-01 +3.530709e-10 +6.735104e+00 +3.058598e+02 +4.141819e+01 +3.153537e+02 +6.068883e+00 +1.900000e+01
+3.000000e-01 +2.636651e-07 +1.900000e+01 +2.343502e-05 +1.845910e-01 +3.515887e-10 +6.235456e+00 +3.055651e+02 +4.078468e+01 +3.144661e+02 +6.069958e+00 +1.900000e+01
+3.000000e-01 +4.281332e-07 +1.900000e+01 +2.355110e-05 +1.846314e-01 +3.492153e-10 +5.471490e+00 +3.051021e+02 +3.978046e+01 +3.130913e+02 +6.071704e+00 +1.900000e+01
+3.000000e-01 +6.951928e-07 +1.900000e+01 +2.373883e-05 +1.846958e-01 +3.454202e-10 +4.341621e+00 +3.043653e+02 +3.820074e+01 +3.109936e+02 +6.074538e+00 +1.900000e+01
+3.000000e-01 +1.128838e-06 +1.900000e+01 +2.364025e-05 +1.848725e-01 +3.466334e-10 +4.918672e+00 +3.023489e+02 +3.870224e+01 +3.092030e+02 +6.079134e+00 +1.900000e+01
+3.000000e-01 +1.832981e-06 +1.900000e+01 +2.410903e-05 +1.850409e-01 +3.373231e-10 +2.496041e+00 +3.004334e+02 +3.493720e+01 +3.043576e+02 +6.086589e+00 +1.900000e+01
+3.000000e-01 +2.976351e-06 +1.900000e+01 +2.485169e-05 +1.853080e-01 +3.232442e-10 +3.240414e-01 +2.974074e+02 +2.960962e+01 +2.985023e+02 +6.098637e+00 +1.900000e+01
+3.000000e-01 +4.832930e-06 +1.900000e+01 +2.601300e-05 +1.857268e-01 +3.027841e-10 +1.022325e+00 +2.926944e+02 +2.265255e+01 +2.938525e+02 +6.117995e+00 +1.900000e+01
+3.000000e-01 +7.847600e-06 +1.900000e+01 +2.779873e-05 +1.863765e-01 +2.747023e-10 +1.184165e+01 +2.854574e+02 +1.461846e+01 +2.974914e+02 +6.148668e+00 +1.900000e+01
+3.000000e-01 +1.274275e-05 +1.900000e+01 +2.902395e-05 +1.875468e-01 +2.557461e-10 +2.609652e+01 +2.726485e+02 +1.018591e+01 +3.104657e+02 +6.262095e+00 +1.900000e+01
+3.000000e-01 +2.069138e-05 +1.900000e+01 +3.417331e-05 +1.887922e-01 +2.003610e-10 +1.467946e+02 +2.593413e+02 +1.810013e+00 +4.252388e+02 +6.298086e+00 +1.900000e+01
+3.000000e-01 +3.359818e-05 +1.900000e+01 +3.900813e-05 +1.908139e-01 +1.629894e-10 +3.495117e+02 +2.384484e+02 +9.929476e-03 +6.737834e+02 +6.484035e+00 +1.900000e+01
+3.000000e-01 +5.455595e-05 +1.900000e+01 +4.418691e-05 +1.935495e-01 +1.345429e-10 +6.626846e+02 +2.115741e+02 +7.200687e-01 +1.127620e+03 +6.736858e+00 +1.900000e+01
+3.000000e-01 +8.858668e-05 +1.900000e+01 +5.261315e-05 +1.967744e-01 +1.062335e-10 +1.384534e+03 +1.819567e+02 +3.212037e+00 +2.181877e+03 +7.074665e+00 +1.900000e+01
+3.000000e-01 +1.438450e-04 +1.900000e+01 +6.276172e-05 +2.005562e-01 +8.843650e-11 +2.603019e+03 +1.500678e+02 +5.690372e+00 +4.179360e+03 +7.567109e+00 +1.900000e+01
+3.000000e-01 +2.335721e-04 +1.900000e+01 +7.614242e-05 +2.047086e-01 +7.958823e-11 +4.792603e+03 +1.185896e+02 +7.184503e+00 +7.702676e+03 +8.139711e+00 +1.900000e+01
+3.000000e-01 +3.792690e-04 +1.900000e+01 +9.210507e-05 +2.091272e-01 +8.030423e-11 +8.272094e+03 +8.915775e+01 +7.057129e+00 +1.397640e+04 +8.979503e+00 +1.900000e+01
+3.000000e-01 +6.158482e-04 +1.900000e+01 +1.329833e-04 +2.133438e-01 +1.031890e-10 +2.148549e+04 +6.497937e+01 +3.586106e+00 +2.683672e+04 +8.894852e+00 +1.900000e+01
+3.000000e-01 +1.000000e-03 +1.900000e+01 +1.932117e-04 +2.176162e-01 +1.615034e-10 +5.223045e+04 +4.437351e+01 +2.511444e-03 +5.757926e+04 +8.899599e+00 +1.900000e+01
